<?xml version="1.0" encoding="UTF-8"?>
<testsuite name="com.codecom.service.AnalysisServiceTest" tests="3" skipped="0" failures="0" errors="0" timestamp="2026-02-07T21:28:20.349Z" hostname="Leonardos-Mac-mini.local" time="0.056">
  <properties/>
  <testcase name="getOutline_ShouldDetectJsFunctions()" classname="com.codecom.service.AnalysisServiceTest" time="0.05"/>
  <testcase name="getOutline_ShouldReturnEmpty_ForUnsupportedFiles()" classname="com.codecom.service.AnalysisServiceTest" time="0.001"/>
  <testcase name="getOutline_ShouldDetectJavaClassesAndMethods()" classname="com.codecom.service.AnalysisServiceTest" time="0.004"/>
  <system-out><![CDATA[]]></system-out>
  <system-err><![CDATA[]]></system-err>
</testsuite>
