<?xml version="1.0" encoding="UTF-8"?>
<testsuite name="com.codecom.service.StatisticsServiceTest" tests="7" skipped="0" failures="0" errors="0" timestamp="2026-02-08T13:31:35.041Z" hostname="runnervmwffz4" time="0.585">
  <properties/>
  <testcase name="calculateFileStatistics_ShouldCountRecords()" classname="com.codecom.service.StatisticsServiceTest" time="0.389"/>
  <testcase name="calculateDirectoryStatistics_ShouldAggregateMultipleFiles()" classname="com.codecom.service.StatisticsServiceTest" time="0.021"/>
  <testcase name="calculateFileStatistics_ShouldHandleGenericFiles()" classname="com.codecom.service.StatisticsServiceTest" time="0.003"/>
  <testcase name="calculateDirectoryStatistics_ShouldCountMultiplePackages()" classname="com.codecom.service.StatisticsServiceTest" time="0.006"/>
  <testcase name="calculateFileStatistics_ShouldCountMethodsAndClasses()" classname="com.codecom.service.StatisticsServiceTest" time="0.006"/>
  <testcase name="calculateFileStatistics_ShouldCountInterfaces()" classname="com.codecom.service.StatisticsServiceTest" time="0.003"/>
  <testcase name="calculateFileStatistics_ShouldCountLinesCorrectly()" classname="com.codecom.service.StatisticsServiceTest" time="0.01"/>
  <system-out><![CDATA[]]></system-out>
  <system-err><![CDATA[]]></system-err>
</testsuite>
