{"/Users/leonardo/codecom/frontend/src/App.vue": {"path":"/Users/leonardo/codecom/frontend/src/App.vue","statementMap":{"0":{"start":{"line":10,"column":13},"end":{"line":10,"column":25}},"1":{"start":{"line":11,"column":16},"end":{"line":11,"column":26}},"2":{"start":{"line":12,"column":20},"end":{"line":12,"column":30}},"3":{"start":{"line":13,"column":19},"end":{"line":13,"column":27}},"4":{"start":{"line":14,"column":15},"end":{"line":14,"column":23}},"5":{"start":{"line":15,"column":17},"end":{"line":15,"column":28}},"6":{"start":{"line":17,"column":20},"end":{"line":21,"column":1}},"7":{"start":{"line":18,"column":2},"end":{"line":18,"column":null}},"8":{"start":{"line":19,"column":2},"end":{"line":19,"column":null}},"9":{"start":{"line":20,"column":2},"end":{"line":20,"column":null}},"10":{"start":{"line":23,"column":18},"end":{"line":30,"column":1}},"11":{"start":{"line":24,"column":2},"end":{"line":29,"column":null}},"12":{"start":{"line":25,"column":21},"end":{"line":25,"column":84}},"13":{"start":{"line":26,"column":4},"end":{"line":26,"column":null}},"14":{"start":{"line":28,"column":4},"end":{"line":28,"column":null}},"15":{"start":{"line":32,"column":25},"end":{"line":48,"column":1}},"16":{"start":{"line":33,"column":2},"end":{"line":33,"column":null}},"17":{"start":{"line":34,"column":2},"end":{"line":34,"column":null}},"18":{"start":{"line":35,"column":2},"end":{"line":35,"column":null}},"19":{"start":{"line":36,"column":2},"end":{"line":47,"column":null}},"20":{"start":{"line":37,"column":37},"end":{"line":40,"column":6}},"21":{"start":{"line":41,"column":4},"end":{"line":41,"column":null}},"22":{"start":{"line":42,"column":4},"end":{"line":42,"column":null}},"23":{"start":{"line":44,"column":4},"end":{"line":44,"column":null}},"24":{"start":{"line":46,"column":4},"end":{"line":46,"column":null}},"25":{"start":{"line":50,"column":27},"end":{"line":62,"column":1}},"26":{"start":{"line":51,"column":17},"end":{"line":51,"column":63}},"27":{"start":{"line":52,"column":2},"end":{"line":61,"column":null}},"28":{"start":{"line":53,"column":18},"end":{"line":53,"column":50}},"29":{"start":{"line":54,"column":4},"end":{"line":60,"column":null}},"30":{"start":{"line":55,"column":6},"end":{"line":55,"column":null}},"31":{"start":{"line":56,"column":6},"end":{"line":56,"column":null}},"32":{"start":{"line":57,"column":6},"end":{"line":59,"column":null}},"33":{"start":{"line":58,"column":8},"end":{"line":58,"column":null}},"34":{"start":{"line":64,"column":0},"end":{"line":69,"column":null}},"35":{"start":{"line":65,"column":21},"end":{"line":65,"column":60}},"36":{"start":{"line":66,"column":2},"end":{"line":66,"column":null}},"37":{"start":{"line":67,"column":2},"end":{"line":67,"column":null}},"38":{"start":{"line":68,"column":2},"end":{"line":68,"column":null}},"39":{"start":{"line":71,"column":18},"end":{"line":71,"column":34}},"40":{"start":{"line":72,"column":26},"end":{"line":76,"column":1}},"41":{"start":{"line":81,"column":7},"end":{"line":81,"column":null}},"42":{"start":{"line":88,"column":11},"end":{"line":88,"column":null}},"43":{"start":{"line":107,"column":9},"end":{"line":107,"column":null}},"44":{"start":{"line":110,"column":13},"end":{"line":110,"column":null}},"45":{"start":{"line":111,"column":15},"end":{"line":111,"column":null}},"46":{"start":{"line":119,"column":13},"end":{"line":119,"column":null}},"47":{"start":{"line":129,"column":11},"end":{"line":129,"column":null}},"48":{"start":{"line":135,"column":13},"end":{"line":135,"column":null}},"49":{"start":{"line":145,"column":17},"end":{"line":145,"column":null}},"50":{"start":{"line":154,"column":19},"end":{"line":154,"column":null}},"51":{"start":{"line":158,"column":19},"end":{"line":158,"column":null}},"52":{"start":{"line":81,"column":2},"end":{"line":159,"column":79}},"53":{"start":{"line":86,"column":21},"end":{"line":103,"column":128}},"54":{"start":{"line":84,"column":29},"end":{"line":86,"column":21}},"55":{"start":{"line":92,"column":19},"end":{"line":92,"column":null}},"56":{"start":{"line":100,"column":52},"end":{"line":101,"column":36}},"57":{"start":{"line":116,"column":32},"end":{"line":116,"column":32}}},"fnMap":{"0":{"name":"(anonymous_0)","decl":{"start":{"line":17,"column":20},"end":{"line":17,"column":21}},"loc":{"start":{"line":17,"column":26},"end":{"line":21,"column":1}},"line":17},"1":{"name":"(anonymous_1)","decl":{"start":{"line":23,"column":18},"end":{"line":23,"column":23}},"loc":{"start":{"line":23,"column":30},"end":{"line":30,"column":1}},"line":23},"2":{"name":"(anonymous_2)","decl":{"start":{"line":32,"column":25},"end":{"line":32,"column":30}},"loc":{"start":{"line":32,"column":41},"end":{"line":48,"column":1}},"line":32},"3":{"name":"(anonymous_3)","decl":{"start":{"line":50,"column":27},"end":{"line":50,"column":28}},"loc":{"start":{"line":50,"column":39},"end":{"line":62,"column":1}},"line":50},"4":{"name":"(anonymous_4)","decl":{"start":{"line":57,"column":17},"end":{"line":57,"column":18}},"loc":{"start":{"line":57,"column":23},"end":{"line":59,"column":7}},"line":57},"5":{"name":"(anonymous_5)","decl":{"start":{"line":64,"column":10},"end":{"line":64,"column":11}},"loc":{"start":{"line":64,"column":16},"end":{"line":69,"column":1}},"line":64},"6":{"name":"(anonymous_6)","decl":{"start":{"line":83,"column":6},"end":{"line":83,"column":20}},"loc":{"start":{"line":86,"column":21},"end":{"line":103,"column":128}},"line":86},"7":{"name":"(anonymous_7)","decl":{"start":{"line":84,"column":8},"end":{"line":84,"column":14}},"loc":{"start":{"line":84,"column":29},"end":{"line":86,"column":21}},"line":84},"8":{"name":"(anonymous_8)","decl":{"start":{"line":92,"column":19},"end":{"line":92,"column":29}},"loc":{"start":{"line":92,"column":19},"end":{"line":92,"column":null}},"line":92},"9":{"name":"(anonymous_9)","decl":{"start":{"line":100,"column":10},"end":{"line":100,"column":21}},"loc":{"start":{"line":100,"column":52},"end":{"line":101,"column":36}},"line":100},"10":{"name":"(anonymous_10)","decl":{"start":{"line":116,"column":13},"end":{"line":116,"column":20}},"loc":{"start":{"line":116,"column":32},"end":{"line":116,"column":32}},"line":116}},"branchMap":{"0":{"loc":{"start":{"line":18,"column":16},"end":{"line":18,"column":57}},"type":"cond-expr","locations":[{"start":{"line":18,"column":41},"end":{"line":18,"column":48}},{"start":{"line":18,"column":51},"end":{"line":18,"column":57}}],"line":18},"1":{"loc":{"start":{"line":52,"column":2},"end":{"line":61,"column":null}},"type":"if","locations":[{"start":{"line":52,"column":2},"end":{"line":61,"column":null}},{"start":{},"end":{}}],"line":52},"2":{"loc":{"start":{"line":54,"column":4},"end":{"line":60,"column":null}},"type":"if","locations":[{"start":{"line":54,"column":4},"end":{"line":60,"column":null}},{"start":{},"end":{}}],"line":54},"3":{"loc":{"start":{"line":65,"column":21},"end":{"line":65,"column":60}},"type":"binary-expr","locations":[{"start":{"line":65,"column":21},"end":{"line":65,"column":50}},{"start":{"line":65,"column":54},"end":{"line":65,"column":60}}],"line":65},"4":{"loc":{"start":{"line":83,"column":37},"end":{"line":83,"column":null}},"type":"cond-expr","locations":[{"start":{"line":83,"column":42},"end":{"line":83,"column":null}},{"start":{"line":83,"column":42},"end":{"line":83,"column":null}}],"line":83},"5":{"loc":{"start":{"line":84,"column":29},"end":{"line":86,"column":21}},"type":"binary-expr","locations":[{"start":{"line":84,"column":29},"end":{"line":84,"column":null}},{"start":{"line":84,"column":29},"end":{"line":86,"column":21}}],"line":84},"6":{"loc":{"start":{"line":89,"column":40},"end":{"line":89,"column":97}},"type":"cond-expr","locations":[{"start":{"line":89,"column":45},"end":{"line":89,"column":97}},{"start":{"line":89,"column":45},"end":{"line":89,"column":97}}],"line":89},"7":{"loc":{"start":{"line":92,"column":19},"end":{"line":92,"column":null}},"type":"binary-expr","locations":[{"start":{"line":92,"column":19},"end":{"line":92,"column":29}},{"start":{"line":92,"column":19},"end":{"line":92,"column":null}}],"line":92},"8":{"loc":{"start":{"line":95,"column":18},"end":{"line":95,"column":null}},"type":"cond-expr","locations":[{"start":{"line":95,"column":23},"end":{"line":95,"column":null}},{"start":{"line":95,"column":23},"end":{"line":95,"column":null}}],"line":95},"9":{"loc":{"start":{"line":99,"column":40},"end":{"line":99,"column":97}},"type":"cond-expr","locations":[{"start":{"line":99,"column":45},"end":{"line":99,"column":97}},{"start":{"line":99,"column":45},"end":{"line":99,"column":97}}],"line":99},"10":{"loc":{"start":{"line":100,"column":21},"end":{"line":101,"column":36}},"type":"cond-expr","locations":[{"start":{"line":100,"column":10},"end":{"line":100,"column":52}},{"start":{"line":101,"column":10},"end":{"line":101,"column":36}}],"line":100},"11":{"loc":{"start":{"line":103,"column":41},"end":{"line":103,"column":98}},"type":"cond-expr","locations":[{"start":{"line":103,"column":46},"end":{"line":103,"column":98}},{"start":{"line":103,"column":46},"end":{"line":103,"column":98}}],"line":103},"12":{"loc":{"start":{"line":113,"column":12},"end":{"line":113,"column":55}},"type":"binary-expr","locations":[{"start":{"line":113,"column":12},"end":{"line":113,"column":18}},{"start":{"line":113,"column":12},"end":{"line":113,"column":55}}],"line":113},"13":{"loc":{"start":{"line":120,"column":25},"end":{"line":124,"column":77}},"type":"cond-expr","locations":[{"start":{"line":120,"column":10},"end":{"line":123,"column":19}},{"start":{"line":124,"column":10},"end":{"line":124,"column":77}}],"line":120},"14":{"loc":{"start":{"line":123,"column":19},"end":{"line":123,"column":19}},"type":"binary-expr","locations":[{"start":{"line":123,"column":19},"end":{"line":123,"column":null}},{"start":{"line":123,"column":19},"end":{"line":123,"column":19}}],"line":123},"15":{"loc":{"start":{"line":131,"column":23},"end":{"line":132,"column":null}},"type":"cond-expr","locations":[{"start":{"line":131,"column":11},"end":{"line":132,"column":null}}],"line":131},"16":{"loc":{"start":{"line":136,"column":22},"end":{"line":159,"column":79}},"type":"cond-expr","locations":[{"start":{"line":136,"column":10},"end":{"line":141,"column":138}},{"start":{"line":144,"column":10},"end":{"line":159,"column":79}}],"line":136},"17":{"loc":{"start":{"line":138,"column":12},"end":{"line":138,"column":57}},"type":"binary-expr","locations":[{"start":{"line":138,"column":12},"end":{"line":138,"column":16}},{"start":{"line":138,"column":12},"end":{"line":138,"column":57}}],"line":138},"18":{"loc":{"start":{"line":139,"column":12},"end":{"line":139,"column":92}},"type":"binary-expr","locations":[{"start":{"line":139,"column":12},"end":{"line":139,"column":15}},{"start":{"line":139,"column":12},"end":{"line":139,"column":92}}],"line":139},"19":{"loc":{"start":{"line":140,"column":12},"end":{"line":141,"column":138}},"type":"binary-expr","locations":[{"start":{"line":140,"column":12},"end":{"line":140,"column":17}},{"start":{"line":140,"column":12},"end":{"line":141,"column":138}}],"line":140},"20":{"loc":{"start":{"line":156,"column":16},"end":{"line":156,"column":61}},"type":"binary-expr","locations":[{"start":{"line":156,"column":16},"end":{"line":156,"column":22}},{"start":{"line":156,"column":16},"end":{"line":156,"column":61}}],"line":156}},"s":{"0":4,"1":4,"2":4,"3":4,"4":4,"5":4,"6":4,"7":1,"8":1,"9":1,"10":4,"11":4,"12":4,"13":4,"14":0,"15":4,"16":1,"17":1,"18":1,"19":1,"20":1,"21":1,"22":1,"23":0,"24":1,"25":4,"26":0,"27":0,"28":0,"29":0,"30":0,"31":0,"32":0,"33":0,"34":4,"35":4,"36":4,"37":4,"38":4,"39":4,"40":4,"41":1,"42":1,"43":1,"44":1,"45":1,"46":1,"47":1,"48":1,"49":1,"50":1,"51":1,"52":11,"53":3,"54":3,"55":0,"56":3,"57":2},"f":{"0":1,"1":4,"2":1,"3":0,"4":0,"5":4,"6":3,"7":3,"8":0,"9":3,"10":2},"b":{"0":[1,0],"1":[0,0],"2":[0,0],"3":[4,3],"4":[2,1],"5":[3,2],"6":[2,1],"7":[3,2],"8":[2,1],"9":[2,1],"10":[2,1],"11":[2,1],"12":[11,4],"13":[6,5],"14":[6,4],"15":[3,null],"16":[8,3],"17":[8,4],"18":[8,4],"19":[8,4],"20":[3,1]},"meta":{"lastBranch":0,"lastFunction":0,"lastStatement":0,"seen":{}}}
,"/Users/leonardo/codecom/frontend/src/components/CodeHighlighter.vue": {"path":"/Users/leonardo/codecom/frontend/src/components/CodeHighlighter.vue","statementMap":{"0":{"start":{"line":5,"column":14},"end":{"line":5,"column":null}},"1":{"start":{"line":20,"column":23},"end":{"line":20,"column":31}},"2":{"start":{"line":21,"column":17},"end":{"line":21,"column":27}},"3":{"start":{"line":22,"column":18},"end":{"line":22,"column":22}},"4":{"start":{"line":24,"column":20},"end":{"line":50,"column":1}},"5":{"start":{"line":25,"column":2},"end":{"line":25,"column":null}},"6":{"start":{"line":25,"column":17},"end":{"line":25,"column":null}},"7":{"start":{"line":26,"column":14},"end":{"line":26,"column":53}},"8":{"start":{"line":28,"column":14},"end":{"line":47,"column":3}},"9":{"start":{"line":49,"column":2},"end":{"line":49,"column":null}},"10":{"start":{"line":52,"column":27},"end":{"line":69,"column":1}},"11":{"start":{"line":53,"column":2},"end":{"line":53,"column":null}},"12":{"start":{"line":53,"column":20},"end":{"line":53,"column":null}},"13":{"start":{"line":55,"column":15},"end":{"line":55,"column":42}},"14":{"start":{"line":56,"column":2},"end":{"line":56,"column":null}},"15":{"start":{"line":58,"column":2},"end":{"line":68,"column":null}},"16":{"start":{"line":59,"column":4},"end":{"line":62,"column":null}},"17":{"start":{"line":64,"column":4},"end":{"line":64,"column":null}},"18":{"start":{"line":65,"column":4},"end":{"line":65,"column":null}},"19":{"start":{"line":67,"column":4},"end":{"line":67,"column":null}},"20":{"start":{"line":71,"column":0},"end":{"line":77,"column":null}},"21":{"start":{"line":72,"column":2},"end":{"line":75,"column":null}},"22":{"start":{"line":76,"column":2},"end":{"line":76,"column":null}},"23":{"start":{"line":79,"column":0},"end":{"line":81,"column":null}},"24":{"start":{"line":79,"column":13},"end":{"line":79,"column":23}},"25":{"start":{"line":79,"column":31},"end":{"line":79,"column":45}},"26":{"start":{"line":79,"column":53},"end":{"line":79,"column":64}},"27":{"start":{"line":80,"column":2},"end":{"line":80,"column":null}},"28":{"start":{"line":85,"column":7},"end":{"line":85,"column":null}},"29":{"start":{"line":85,"column":2},"end":{"line":89,"column":64}}},"fnMap":{"0":{"name":"(anonymous_0)","decl":{"start":{"line":24,"column":20},"end":{"line":24,"column":21}},"loc":{"start":{"line":24,"column":34},"end":{"line":50,"column":1}},"line":24},"1":{"name":"(anonymous_1)","decl":{"start":{"line":52,"column":27},"end":{"line":52,"column":32}},"loc":{"start":{"line":52,"column":39},"end":{"line":69,"column":1}},"line":52},"2":{"name":"(anonymous_2)","decl":{"start":{"line":71,"column":10},"end":{"line":71,"column":15}},"loc":{"start":{"line":71,"column":22},"end":{"line":77,"column":1}},"line":71},"3":{"name":"(anonymous_3)","decl":{"start":{"line":79,"column":7},"end":{"line":79,"column":8}},"loc":{"start":{"line":79,"column":13},"end":{"line":79,"column":23}},"line":79},"4":{"name":"(anonymous_4)","decl":{"start":{"line":79,"column":25},"end":{"line":79,"column":26}},"loc":{"start":{"line":79,"column":31},"end":{"line":79,"column":45}},"line":79},"5":{"name":"(anonymous_5)","decl":{"start":{"line":79,"column":47},"end":{"line":79,"column":48}},"loc":{"start":{"line":79,"column":53},"end":{"line":79,"column":64}},"line":79},"6":{"name":"(anonymous_6)","decl":{"start":{"line":79,"column":67},"end":{"line":79,"column":68}},"loc":{"start":{"line":79,"column":73},"end":{"line":81,"column":1}},"line":79}},"branchMap":{"0":{"loc":{"start":{"line":25,"column":2},"end":{"line":25,"column":null}},"type":"if","locations":[{"start":{"line":25,"column":2},"end":{"line":25,"column":null}},{"start":{},"end":{}}],"line":25},"1":{"loc":{"start":{"line":49,"column":9},"end":{"line":49,"column":27}},"type":"binary-expr","locations":[{"start":{"line":49,"column":9},"end":{"line":49,"column":17}},{"start":{"line":49,"column":21},"end":{"line":49,"column":27}}],"line":49},"2":{"loc":{"start":{"line":53,"column":2},"end":{"line":53,"column":null}},"type":"if","locations":[{"start":{"line":53,"column":2},"end":{"line":53,"column":null}},{"start":{},"end":{}}],"line":53},"3":{"loc":{"start":{"line":61,"column":13},"end":{"line":61,"column":null}},"type":"cond-expr","locations":[{"start":{"line":61,"column":38},"end":{"line":61,"column":51}},{"start":{"line":61,"column":54},"end":{"line":61,"column":null}}],"line":61},"4":{"loc":{"start":{"line":86,"column":18},"end":{"line":89,"column":64}},"type":"cond-expr","locations":[{"start":{"line":86,"column":4},"end":{"line":87,"column":67}},{"start":{"line":89,"column":4},"end":{"line":89,"column":64}}],"line":86},"5":{"loc":{"start":{"line":86,"column":18},"end":{"line":86,"column":47}},"type":"binary-expr","locations":[{"start":{"line":86,"column":18},"end":{"line":86,"column":27}},{"start":{"line":86,"column":27},"end":{"line":86,"column":47}}],"line":86},"6":{"loc":{"start":{"line":88,"column":13},"end":{"line":87,"column":67}},"type":"binary-expr","locations":[{"start":{"line":88,"column":13},"end":{"line":88,"column":null}},{"start":{"line":88,"column":13},"end":{"line":87,"column":67}}],"line":88}},"s":{"0":4,"1":4,"2":4,"3":4,"4":4,"5":10,"6":1,"7":9,"8":9,"9":9,"10":4,"11":5,"12":0,"13":5,"14":5,"15":5,"16":5,"17":0,"18":0,"19":5,"20":4,"21":4,"22":4,"23":4,"24":5,"25":5,"26":5,"27":1,"28":2,"29":9},"f":{"0":10,"1":5,"2":4,"3":5,"4":5,"5":5,"6":1},"b":{"0":[1,9],"1":[9,1],"2":[0,5],"3":[0,5],"4":[4,5],"5":[9,4],"6":[4,4]},"meta":{"lastBranch":0,"lastFunction":0,"lastStatement":0,"seen":{}}}
,"/Users/leonardo/codecom/frontend/src/components/FileTreeNode.vue": {"path":"/Users/leonardo/codecom/frontend/src/components/FileTreeNode.vue","statementMap":{"0":{"start":{"line":5,"column":14},"end":{"line":5,"column":null}},"1":{"start":{"line":13,"column":14},"end":{"line":13,"column":37}},"2":{"start":{"line":15,"column":14},"end":{"line":15,"column":25}},"3":{"start":{"line":17,"column":15},"end":{"line":23,"column":1}},"4":{"start":{"line":18,"column":2},"end":{"line":22,"column":null}},"5":{"start":{"line":19,"column":4},"end":{"line":19,"column":null}},"6":{"start":{"line":21,"column":4},"end":{"line":21,"column":null}},"7":{"start":{"line":25,"column":22},"end":{"line":27,"column":1}},"8":{"start":{"line":26,"column":2},"end":{"line":26,"column":null}},"9":{"start":{"line":31,"column":7},"end":{"line":31,"column":null}},"10":{"start":{"line":47,"column":12},"end":{"line":47,"column":60}},"11":{"start":{"line":31,"column":2},"end":{"line":56,"column":null}},"12":{"start":{"line":51,"column":6},"end":{"line":56,"column":null}}},"fnMap":{"0":{"name":"(anonymous_0)","decl":{"start":{"line":17,"column":15},"end":{"line":17,"column":16}},"loc":{"start":{"line":17,"column":21},"end":{"line":23,"column":1}},"line":17},"1":{"name":"(anonymous_1)","decl":{"start":{"line":25,"column":22},"end":{"line":25,"column":23}},"loc":{"start":{"line":25,"column":37},"end":{"line":27,"column":1}},"line":25},"2":{"name":"(anonymous_2)","decl":{"start":{"line":52,"column":37},"end":{"line":52,"column":null}},"loc":{"start":{"line":52,"column":20},"end":{"line":56,"column":null}},"line":52}},"branchMap":{"0":{"loc":{"start":{"line":18,"column":2},"end":{"line":22,"column":null}},"type":"if","locations":[{"start":{"line":18,"column":2},"end":{"line":22,"column":null}},{"start":{"line":20,"column":9},"end":{"line":22,"column":null}}],"line":18},"1":{"loc":{"start":{"line":36,"column":40},"end":{"line":36,"column":66}},"type":"binary-expr","locations":[{"start":{"line":36,"column":40},"end":{"line":36,"column":56}},{"start":{"line":36,"column":60},"end":{"line":36,"column":66}}],"line":36},"2":{"loc":{"start":{"line":38,"column":18},"end":{"line":42,"column":null}},"type":"cond-expr","locations":[{"start":{"line":38,"column":6},"end":{"line":40,"column":42}},{"start":{"line":42,"column":6},"end":{"line":42,"column":null}}],"line":38},"3":{"loc":{"start":{"line":39,"column":27},"end":{"line":40,"column":42}},"type":"cond-expr","locations":[{"start":{"line":39,"column":8},"end":{"line":39,"column":48}},{"start":{"line":40,"column":8},"end":{"line":40,"column":42}}],"line":39},"4":{"loc":{"start":{"line":44,"column":20},"end":{"line":45,"column":59}},"type":"cond-expr","locations":[{"start":{"line":44,"column":6},"end":{"line":44,"column":77}},{"start":{"line":45,"column":6},"end":{"line":45,"column":59}}],"line":44},"5":{"loc":{"start":{"line":50,"column":15},"end":{"line":56,"column":null}},"type":"cond-expr","locations":[{"start":{"line":50,"column":4},"end":{"line":56,"column":null}}],"line":50},"6":{"loc":{"start":{"line":50,"column":15},"end":{"line":50,"column":41}},"type":"binary-expr","locations":[{"start":{"line":50,"column":15},"end":{"line":50,"column":31}},{"start":{"line":50,"column":35},"end":{"line":50,"column":41}}],"line":50}},"s":{"0":8,"1":8,"2":8,"3":8,"4":2,"5":1,"6":1,"7":8,"8":0,"9":2,"10":2,"11":9,"12":1},"f":{"0":2,"1":0,"2":1},"b":{"0":[1,1],"1":[9,5],"2":[5,4],"3":[1,4],"4":[5,4],"5":[1,null],"6":[9,5]},"meta":{"lastBranch":0,"lastFunction":0,"lastStatement":0,"seen":{}}}
,"/Users/leonardo/codecom/frontend/src/components/OutlineView.vue": {"path":"/Users/leonardo/codecom/frontend/src/components/OutlineView.vue","statementMap":{"0":{"start":{"line":4,"column":14},"end":{"line":4,"column":null}},"1":{"start":{"line":11,"column":14},"end":{"line":11,"column":37}},"2":{"start":{"line":13,"column":16},"end":{"line":20,"column":1}},"3":{"start":{"line":14,"column":2},"end":{"line":19,"column":null}},"4":{"start":{"line":15,"column":18},"end":{"line":15,"column":null}},"5":{"start":{"line":16,"column":19},"end":{"line":16,"column":null}},"6":{"start":{"line":17,"column":21},"end":{"line":17,"column":null}},"7":{"start":{"line":18,"column":13},"end":{"line":18,"column":null}},"8":{"start":{"line":22,"column":21},"end":{"line":29,"column":1}},"9":{"start":{"line":23,"column":2},"end":{"line":28,"column":null}},"10":{"start":{"line":24,"column":18},"end":{"line":24,"column":null}},"11":{"start":{"line":25,"column":19},"end":{"line":25,"column":null}},"12":{"start":{"line":26,"column":21},"end":{"line":26,"column":null}},"13":{"start":{"line":27,"column":13},"end":{"line":27,"column":null}},"14":{"start":{"line":33,"column":7},"end":{"line":33,"column":null}},"15":{"start":{"line":45,"column":14},"end":{"line":45,"column":48}},"16":{"start":{"line":46,"column":14},"end":{"line":46,"column":50}},"17":{"start":{"line":33,"column":2},"end":{"line":46,"column":75}},"18":{"start":{"line":38,"column":6},"end":{"line":46,"column":75}},"19":{"start":{"line":42,"column":16},"end":{"line":42,"column":null}}},"fnMap":{"0":{"name":"(anonymous_0)","decl":{"start":{"line":13,"column":16},"end":{"line":13,"column":17}},"loc":{"start":{"line":13,"column":26},"end":{"line":20,"column":1}},"line":13},"1":{"name":"(anonymous_1)","decl":{"start":{"line":22,"column":21},"end":{"line":22,"column":22}},"loc":{"start":{"line":22,"column":31},"end":{"line":29,"column":1}},"line":22},"2":{"name":"(anonymous_2)","decl":{"start":{"line":39,"column":32},"end":{"line":39,"column":null}},"loc":{"start":{"line":39,"column":21},"end":{"line":46,"column":75}},"line":39},"3":{"name":"(anonymous_3)","decl":{"start":{"line":42,"column":14},"end":{"line":42,"column":16}},"loc":{"start":{"line":42,"column":16},"end":{"line":42,"column":null}},"line":42}},"branchMap":{"0":{"loc":{"start":{"line":14,"column":2},"end":{"line":19,"column":null}},"type":"switch","locations":[{"start":{"line":15,"column":4},"end":{"line":15,"column":null}},{"start":{"line":16,"column":4},"end":{"line":16,"column":null}},{"start":{"line":17,"column":4},"end":{"line":17,"column":null}},{"start":{"line":18,"column":4},"end":{"line":18,"column":null}}],"line":14},"1":{"loc":{"start":{"line":23,"column":2},"end":{"line":28,"column":null}},"type":"switch","locations":[{"start":{"line":24,"column":4},"end":{"line":24,"column":null}},{"start":{"line":25,"column":4},"end":{"line":25,"column":null}},{"start":{"line":26,"column":4},"end":{"line":26,"column":null}},{"start":{"line":27,"column":4},"end":{"line":27,"column":null}}],"line":23},"2":{"loc":{"start":{"line":34,"column":15},"end":{"line":46,"column":75}},"type":"cond-expr","locations":[{"start":{"line":34,"column":4},"end":{"line":36,"column":10}},{"start":{"line":37,"column":4},"end":{"line":46,"column":75}}],"line":34}},"s":{"0":3,"1":3,"2":3,"3":4,"4":2,"5":2,"6":0,"7":0,"8":3,"9":4,"10":2,"11":2,"12":0,"13":0,"14":2,"15":2,"16":2,"17":3,"18":4,"19":1},"f":{"0":4,"1":4,"2":4,"3":1},"b":{"0":[2,2,0,0],"1":[2,2,0,0],"2":[1,2]},"meta":{"lastBranch":0,"lastFunction":0,"lastStatement":0,"seen":{}}}
}
