{"/home/runner/work/codecom/codecom/frontend/src/App.vue": {"path":"/home/runner/work/codecom/codecom/frontend/src/App.vue","statementMap":{"0":{"start":{"line":20,"column":13},"end":{"line":20,"column":25}},"1":{"start":{"line":21,"column":16},"end":{"line":21,"column":26}},"2":{"start":{"line":22,"column":20},"end":{"line":22,"column":30}},"3":{"start":{"line":23,"column":19},"end":{"line":23,"column":27}},"4":{"start":{"line":24,"column":15},"end":{"line":24,"column":23}},"5":{"start":{"line":25,"column":17},"end":{"line":25,"column":28}},"6":{"start":{"line":26,"column":18},"end":{"line":26,"column":34}},"7":{"start":{"line":27,"column":22},"end":{"line":27,"column":33}},"8":{"start":{"line":28,"column":23},"end":{"line":28,"column":34}},"9":{"start":{"line":29,"column":23},"end":{"line":29,"column":34}},"10":{"start":{"line":30,"column":22},"end":{"line":30,"column":33}},"11":{"start":{"line":31,"column":23},"end":{"line":31,"column":34}},"12":{"start":{"line":32,"column":22},"end":{"line":32,"column":32}},"13":{"start":{"line":33,"column":23},"end":{"line":33,"column":33}},"14":{"start":{"line":34,"column":18},"end":{"line":34,"column":28}},"15":{"start":{"line":35,"column":16},"end":{"line":35,"column":24}},"16":{"start":{"line":36,"column":27},"end":{"line":36,"column":37}},"17":{"start":{"line":37,"column":22},"end":{"line":37,"column":32}},"18":{"start":{"line":38,"column":21},"end":{"line":47,"column":2}},"19":{"start":{"line":49,"column":26},"end":{"line":53,"column":1}},"20":{"start":{"line":55,"column":20},"end":{"line":59,"column":1}},"21":{"start":{"line":56,"column":2},"end":{"line":56,"column":null}},"22":{"start":{"line":57,"column":2},"end":{"line":57,"column":null}},"23":{"start":{"line":58,"column":2},"end":{"line":58,"column":null}},"24":{"start":{"line":61,"column":18},"end":{"line":68,"column":1}},"25":{"start":{"line":62,"column":2},"end":{"line":67,"column":null}},"26":{"start":{"line":63,"column":21},"end":{"line":63,"column":84}},"27":{"start":{"line":64,"column":4},"end":{"line":64,"column":null}},"28":{"start":{"line":66,"column":4},"end":{"line":66,"column":null}},"29":{"start":{"line":70,"column":24},"end":{"line":94,"column":1}},"30":{"start":{"line":71,"column":2},"end":{"line":71,"column":null}},"31":{"start":{"line":72,"column":2},"end":{"line":72,"column":null}},"32":{"start":{"line":73,"column":2},"end":{"line":93,"column":null}},"33":{"start":{"line":74,"column":23},"end":{"line":74,"column":145}},"34":{"start":{"line":75,"column":4},"end":{"line":75,"column":null}},"35":{"start":{"line":77,"column":22},"end":{"line":77,"column":62}},"36":{"start":{"line":78,"column":4},"end":{"line":83,"column":null}},"37":{"start":{"line":79,"column":6},"end":{"line":79,"column":null}},"38":{"start":{"line":81,"column":25},"end":{"line":81,"column":124}},"39":{"start":{"line":82,"column":6},"end":{"line":82,"column":null}},"40":{"start":{"line":86,"column":4},"end":{"line":88,"column":null}},"41":{"start":{"line":87,"column":6},"end":{"line":87,"column":null}},"42":{"start":{"line":90,"column":4},"end":{"line":90,"column":null}},"43":{"start":{"line":92,"column":4},"end":{"line":92,"column":null}},"44":{"start":{"line":96,"column":25},"end":{"line":103,"column":1}},"45":{"start":{"line":97,"column":2},"end":{"line":97,"column":null}},"46":{"start":{"line":99,"column":2},"end":{"line":101,"column":null}},"47":{"start":{"line":100,"column":4},"end":{"line":100,"column":null}},"48":{"start":{"line":102,"column":2},"end":{"line":102,"column":null}},"49":{"start":{"line":105,"column":24},"end":{"line":109,"column":1}},"50":{"start":{"line":107,"column":2},"end":{"line":107,"column":null}},"51":{"start":{"line":108,"column":2},"end":{"line":108,"column":null}},"52":{"start":{"line":111,"column":23},"end":{"line":118,"column":1}},"53":{"start":{"line":113,"column":2},"end":{"line":117,"column":null}},"54":{"start":{"line":114,"column":4},"end":{"line":114,"column":null}},"55":{"start":{"line":115,"column":4},"end":{"line":115,"column":null}},"56":{"start":{"line":116,"column":4},"end":{"line":116,"column":null}},"57":{"start":{"line":120,"column":27},"end":{"line":122,"column":1}},"58":{"start":{"line":121,"column":2},"end":{"line":121,"column":null}},"59":{"start":{"line":124,"column":25},"end":{"line":128,"column":1}},"60":{"start":{"line":125,"column":2},"end":{"line":125,"column":null}},"61":{"start":{"line":126,"column":2},"end":{"line":126,"column":null}},"62":{"start":{"line":126,"column":29},"end":{"line":126,"column":null}},"63":{"start":{"line":127,"column":2},"end":{"line":127,"column":null}},"64":{"start":{"line":127,"column":29},"end":{"line":127,"column":null}},"65":{"start":{"line":130,"column":26},"end":{"line":135,"column":1}},"66":{"start":{"line":131,"column":2},"end":{"line":131,"column":null}},"67":{"start":{"line":132,"column":2},"end":{"line":132,"column":null}},"68":{"start":{"line":132,"column":28},"end":{"line":132,"column":null}},"69":{"start":{"line":133,"column":2},"end":{"line":133,"column":null}},"70":{"start":{"line":133,"column":29},"end":{"line":133,"column":null}},"71":{"start":{"line":134,"column":2},"end":{"line":134,"column":null}},"72":{"start":{"line":134,"column":28},"end":{"line":134,"column":null}},"73":{"start":{"line":137,"column":26},"end":{"line":142,"column":1}},"74":{"start":{"line":138,"column":2},"end":{"line":138,"column":null}},"75":{"start":{"line":139,"column":2},"end":{"line":139,"column":null}},"76":{"start":{"line":139,"column":28},"end":{"line":139,"column":null}},"77":{"start":{"line":140,"column":2},"end":{"line":140,"column":null}},"78":{"start":{"line":140,"column":29},"end":{"line":140,"column":null}},"79":{"start":{"line":141,"column":2},"end":{"line":141,"column":null}},"80":{"start":{"line":141,"column":28},"end":{"line":141,"column":null}},"81":{"start":{"line":144,"column":25},"end":{"line":150,"column":1}},"82":{"start":{"line":145,"column":2},"end":{"line":145,"column":null}},"83":{"start":{"line":146,"column":2},"end":{"line":146,"column":null}},"84":{"start":{"line":146,"column":28},"end":{"line":146,"column":null}},"85":{"start":{"line":147,"column":2},"end":{"line":147,"column":null}},"86":{"start":{"line":147,"column":29},"end":{"line":147,"column":null}},"87":{"start":{"line":148,"column":2},"end":{"line":148,"column":null}},"88":{"start":{"line":148,"column":29},"end":{"line":148,"column":null}},"89":{"start":{"line":149,"column":2},"end":{"line":149,"column":null}},"90":{"start":{"line":149,"column":29},"end":{"line":149,"column":null}},"91":{"start":{"line":152,"column":26},"end":{"line":158,"column":1}},"92":{"start":{"line":153,"column":2},"end":{"line":153,"column":null}},"93":{"start":{"line":154,"column":2},"end":{"line":154,"column":null}},"94":{"start":{"line":154,"column":28},"end":{"line":154,"column":null}},"95":{"start":{"line":155,"column":2},"end":{"line":155,"column":null}},"96":{"start":{"line":155,"column":29},"end":{"line":155,"column":null}},"97":{"start":{"line":156,"column":2},"end":{"line":156,"column":null}},"98":{"start":{"line":156,"column":29},"end":{"line":156,"column":null}},"99":{"start":{"line":157,"column":2},"end":{"line":157,"column":null}},"100":{"start":{"line":157,"column":28},"end":{"line":157,"column":null}},"101":{"start":{"line":160,"column":27},"end":{"line":183,"column":1}},"102":{"start":{"line":162,"column":2},"end":{"line":162,"column":null}},"103":{"start":{"line":165,"column":15},"end":{"line":165,"column":63}},"104":{"start":{"line":166,"column":2},"end":{"line":166,"column":null}},"105":{"start":{"line":169,"column":2},"end":{"line":182,"column":null}},"106":{"start":{"line":170,"column":20},"end":{"line":170,"column":31}},"107":{"start":{"line":171,"column":19},"end":{"line":171,"column":65}},"108":{"start":{"line":172,"column":4},"end":{"line":181,"column":null}},"109":{"start":{"line":173,"column":20},"end":{"line":173,"column":52}},"110":{"start":{"line":174,"column":6},"end":{"line":180,"column":null}},"111":{"start":{"line":175,"column":8},"end":{"line":175,"column":null}},"112":{"start":{"line":176,"column":8},"end":{"line":176,"column":null}},"113":{"start":{"line":177,"column":8},"end":{"line":179,"column":null}},"114":{"start":{"line":178,"column":10},"end":{"line":178,"column":null}},"115":{"start":{"line":185,"column":20},"end":{"line":187,"column":1}},"116":{"start":{"line":189,"column":27},"end":{"line":191,"column":1}},"117":{"start":{"line":190,"column":2},"end":{"line":190,"column":null}},"118":{"start":{"line":193,"column":25},"end":{"line":195,"column":1}},"119":{"start":{"line":194,"column":2},"end":{"line":194,"column":null}},"120":{"start":{"line":197,"column":30},"end":{"line":199,"column":1}},"121":{"start":{"line":198,"column":2},"end":{"line":198,"column":null}},"122":{"start":{"line":201,"column":32},"end":{"line":216,"column":1}},"123":{"start":{"line":202,"column":14},"end":{"line":202,"column":53}},"124":{"start":{"line":203,"column":14},"end":{"line":214,"column":3}},"125":{"start":{"line":215,"column":2},"end":{"line":215,"column":null}},"126":{"start":{"line":218,"column":23},"end":{"line":230,"column":2}},"127":{"start":{"line":219,"column":2},"end":{"line":219,"column":null}},"128":{"start":{"line":219,"column":39},"end":{"line":219,"column":null}},"129":{"start":{"line":221,"column":2},"end":{"line":223,"column":null}},"130":{"start":{"line":222,"column":4},"end":{"line":222,"column":null}},"131":{"start":{"line":222,"column":37},"end":{"line":222,"column":65}},"132":{"start":{"line":225,"column":2},"end":{"line":227,"column":null}},"133":{"start":{"line":226,"column":4},"end":{"line":226,"column":null}},"134":{"start":{"line":226,"column":37},"end":{"line":226,"column":88}},"135":{"start":{"line":229,"column":2},"end":{"line":229,"column":null}},"136":{"start":{"line":232,"column":19},"end":{"line":275,"column":2}},"137":{"start":{"line":234,"column":32},"end":{"line":234,"column":41}},"138":{"start":{"line":235,"column":2},"end":{"line":244,"column":null}},"139":{"start":{"line":236,"column":4},"end":{"line":243,"column":null}},"140":{"start":{"line":237,"column":38},"end":{"line":237,"column":103}},"141":{"start":{"line":238,"column":36},"end":{"line":238,"column":155}},"142":{"start":{"line":240,"column":6},"end":{"line":242,"column":null}},"143":{"start":{"line":241,"column":8},"end":{"line":241,"column":null}},"144":{"start":{"line":247,"column":2},"end":{"line":257,"column":null}},"145":{"start":{"line":248,"column":22},"end":{"line":248,"column":47}},"146":{"start":{"line":249,"column":20},"end":{"line":249,"column":66}},"147":{"start":{"line":252,"column":4},"end":{"line":256,"column":null}},"148":{"start":{"line":252,"column":17},"end":{"line":252,"column":18}},"149":{"start":{"line":253,"column":6},"end":{"line":255,"column":null}},"150":{"start":{"line":254,"column":8},"end":{"line":254,"column":null}},"151":{"start":{"line":260,"column":2},"end":{"line":272,"column":null}},"152":{"start":{"line":261,"column":22},"end":{"line":261,"column":76}},"153":{"start":{"line":262,"column":21},"end":{"line":264,"column":28}},"154":{"start":{"line":266,"column":24},"end":{"line":266,"column":87}},"155":{"start":{"line":269,"column":4},"end":{"line":271,"column":null}},"156":{"start":{"line":270,"column":6},"end":{"line":270,"column":null}},"157":{"start":{"line":270,"column":47},"end":{"line":270,"column":78}},"158":{"start":{"line":274,"column":2},"end":{"line":274,"column":null}},"159":{"start":{"line":277,"column":27},"end":{"line":290,"column":1}},"160":{"start":{"line":278,"column":18},"end":{"line":278,"column":29}},"161":{"start":{"line":279,"column":17},"end":{"line":279,"column":63}},"162":{"start":{"line":280,"column":2},"end":{"line":289,"column":null}},"163":{"start":{"line":281,"column":18},"end":{"line":281,"column":50}},"164":{"start":{"line":282,"column":4},"end":{"line":288,"column":null}},"165":{"start":{"line":283,"column":6},"end":{"line":283,"column":null}},"166":{"start":{"line":284,"column":6},"end":{"line":284,"column":null}},"167":{"start":{"line":285,"column":6},"end":{"line":287,"column":null}},"168":{"start":{"line":286,"column":8},"end":{"line":286,"column":null}},"169":{"start":{"line":292,"column":0},"end":{"line":305,"column":null}},"170":{"start":{"line":293,"column":21},"end":{"line":293,"column":60}},"171":{"start":{"line":294,"column":2},"end":{"line":294,"column":null}},"172":{"start":{"line":295,"column":2},"end":{"line":295,"column":null}},"173":{"start":{"line":296,"column":2},"end":{"line":296,"column":null}},"174":{"start":{"line":299,"column":2},"end":{"line":304,"column":null}},"175":{"start":{"line":300,"column":4},"end":{"line":303,"column":null}},"176":{"start":{"line":301,"column":6},"end":{"line":301,"column":null}},"177":{"start":{"line":302,"column":6},"end":{"line":302,"column":null}},"178":{"start":{"line":309,"column":7},"end":{"line":309,"column":null}},"179":{"start":{"line":316,"column":11},"end":{"line":316,"column":null}},"180":{"start":{"line":380,"column":9},"end":{"line":380,"column":null}},"181":{"start":{"line":383,"column":13},"end":{"line":383,"column":null}},"182":{"start":{"line":384,"column":15},"end":{"line":384,"column":null}},"183":{"start":{"line":392,"column":13},"end":{"line":392,"column":null}},"184":{"start":{"line":404,"column":11},"end":{"line":404,"column":null}},"185":{"start":{"line":420,"column":13},"end":{"line":420,"column":null}},"186":{"start":{"line":426,"column":17},"end":{"line":426,"column":null}},"187":{"start":{"line":433,"column":17},"end":{"line":433,"column":null}},"188":{"start":{"line":443,"column":19},"end":{"line":443,"column":null}},"189":{"start":{"line":444,"column":21},"end":{"line":444,"column":null}},"190":{"start":{"line":448,"column":22},"end":{"line":448,"column":71}},"191":{"start":{"line":450,"column":19},"end":{"line":450,"column":null}},"192":{"start":{"line":309,"column":2},"end":{"line":535,"column":null}},"193":{"start":{"line":314,"column":21},"end":{"line":375,"column":36}},"194":{"start":{"line":312,"column":29},"end":{"line":314,"column":21}},"195":{"start":{"line":320,"column":19},"end":{"line":320,"column":null}},"196":{"start":{"line":333,"column":35},"end":{"line":333,"column":35}},"197":{"start":{"line":342,"column":34},"end":{"line":342,"column":34}},"198":{"start":{"line":351,"column":32},"end":{"line":351,"column":32}},"199":{"start":{"line":360,"column":30},"end":{"line":360,"column":30}},"200":{"start":{"line":370,"column":33},"end":{"line":370,"column":33}},"201":{"start":{"line":374,"column":52},"end":{"line":375,"column":36}},"202":{"start":{"line":389,"column":32},"end":{"line":389,"column":32}},"203":{"start":{"line":461,"column":15},"end":{"line":461,"column":null}},"204":{"start":{"line":470,"column":8},"end":{"line":473,"column":12}},"205":{"start":{"line":478,"column":15},"end":{"line":478,"column":null}},"206":{"start":{"line":482,"column":57},"end":{"line":482,"column":57}},"207":{"start":{"line":487,"column":15},"end":{"line":487,"column":null}},"208":{"start":{"line":497,"column":8},"end":{"line":496,"column":null}},"209":{"start":{"line":496,"column":16},"end":{"line":496,"column":null}},"210":{"start":{"line":502,"column":15},"end":{"line":502,"column":null}},"211":{"start":{"line":511,"column":8},"end":{"line":510,"column":null}},"212":{"start":{"line":516,"column":15},"end":{"line":516,"column":null}},"213":{"start":{"line":526,"column":8},"end":{"line":529,"column":12}},"214":{"start":{"line":525,"column":16},"end":{"line":525,"column":null}}},"fnMap":{"0":{"name":"(anonymous_0)","decl":{"start":{"line":55,"column":20},"end":{"line":55,"column":21}},"loc":{"start":{"line":55,"column":26},"end":{"line":59,"column":1}},"line":55},"1":{"name":"(anonymous_1)","decl":{"start":{"line":61,"column":18},"end":{"line":61,"column":23}},"loc":{"start":{"line":61,"column":30},"end":{"line":68,"column":1}},"line":61},"2":{"name":"(anonymous_2)","decl":{"start":{"line":70,"column":24},"end":{"line":70,"column":29}},"loc":{"start":{"line":70,"column":40},"end":{"line":94,"column":1}},"line":70},"3":{"name":"(anonymous_3)","decl":{"start":{"line":96,"column":25},"end":{"line":96,"column":30}},"loc":{"start":{"line":96,"column":41},"end":{"line":103,"column":1}},"line":96},"4":{"name":"(anonymous_4)","decl":{"start":{"line":105,"column":24},"end":{"line":105,"column":29}},"loc":{"start":{"line":105,"column":39},"end":{"line":109,"column":1}},"line":105},"5":{"name":"(anonymous_5)","decl":{"start":{"line":111,"column":23},"end":{"line":111,"column":24}},"loc":{"start":{"line":111,"column":34},"end":{"line":118,"column":1}},"line":111},"6":{"name":"(anonymous_6)","decl":{"start":{"line":120,"column":27},"end":{"line":120,"column":28}},"loc":{"start":{"line":120,"column":40},"end":{"line":122,"column":1}},"line":120},"7":{"name":"(anonymous_7)","decl":{"start":{"line":124,"column":25},"end":{"line":124,"column":26}},"loc":{"start":{"line":124,"column":31},"end":{"line":128,"column":1}},"line":124},"8":{"name":"(anonymous_8)","decl":{"start":{"line":130,"column":26},"end":{"line":130,"column":27}},"loc":{"start":{"line":130,"column":32},"end":{"line":135,"column":1}},"line":130},"9":{"name":"(anonymous_9)","decl":{"start":{"line":137,"column":26},"end":{"line":137,"column":27}},"loc":{"start":{"line":137,"column":32},"end":{"line":142,"column":1}},"line":137},"10":{"name":"(anonymous_10)","decl":{"start":{"line":144,"column":25},"end":{"line":144,"column":26}},"loc":{"start":{"line":144,"column":31},"end":{"line":150,"column":1}},"line":144},"11":{"name":"(anonymous_11)","decl":{"start":{"line":152,"column":26},"end":{"line":152,"column":27}},"loc":{"start":{"line":152,"column":32},"end":{"line":158,"column":1}},"line":152},"12":{"name":"(anonymous_12)","decl":{"start":{"line":160,"column":27},"end":{"line":160,"column":32}},"loc":{"start":{"line":160,"column":45},"end":{"line":183,"column":1}},"line":160},"13":{"name":"(anonymous_13)","decl":{"start":{"line":169,"column":13},"end":{"line":169,"column":14}},"loc":{"start":{"line":169,"column":19},"end":{"line":182,"column":3}},"line":169},"14":{"name":"(anonymous_14)","decl":{"start":{"line":177,"column":19},"end":{"line":177,"column":20}},"loc":{"start":{"line":177,"column":25},"end":{"line":179,"column":9}},"line":177},"15":{"name":"(anonymous_15)","decl":{"start":{"line":185,"column":20},"end":{"line":185,"column":21}},"loc":{"start":{"line":185,"column":43},"end":{"line":187,"column":1}},"line":185},"16":{"name":"(anonymous_16)","decl":{"start":{"line":189,"column":27},"end":{"line":189,"column":28}},"loc":{"start":{"line":189,"column":39},"end":{"line":191,"column":1}},"line":189},"17":{"name":"(anonymous_17)","decl":{"start":{"line":193,"column":25},"end":{"line":193,"column":26}},"loc":{"start":{"line":193,"column":31},"end":{"line":195,"column":1}},"line":193},"18":{"name":"(anonymous_18)","decl":{"start":{"line":197,"column":30},"end":{"line":197,"column":35}},"loc":{"start":{"line":197,"column":46},"end":{"line":199,"column":1}},"line":197},"19":{"name":"(anonymous_19)","decl":{"start":{"line":201,"column":32},"end":{"line":201,"column":33}},"loc":{"start":{"line":201,"column":46},"end":{"line":216,"column":1}},"line":201},"20":{"name":"(anonymous_20)","decl":{"start":{"line":218,"column":33},"end":{"line":218,"column":34}},"loc":{"start":{"line":218,"column":39},"end":{"line":230,"column":1}},"line":218},"21":{"name":"(anonymous_21)","decl":{"start":{"line":222,"column":32},"end":{"line":222,"column":33}},"loc":{"start":{"line":222,"column":37},"end":{"line":222,"column":65}},"line":222},"22":{"name":"(anonymous_22)","decl":{"start":{"line":226,"column":32},"end":{"line":226,"column":33}},"loc":{"start":{"line":226,"column":37},"end":{"line":226,"column":88}},"line":226},"23":{"name":"(anonymous_23)","decl":{"start":{"line":232,"column":29},"end":{"line":232,"column":30}},"loc":{"start":{"line":232,"column":35},"end":{"line":275,"column":1}},"line":232},"24":{"name":"(anonymous_24)","decl":{"start":{"line":236,"column":26},"end":{"line":236,"column":27}},"loc":{"start":{"line":236,"column":31},"end":{"line":243,"column":5}},"line":236},"25":{"name":"(anonymous_25)","decl":{"start":{"line":270,"column":39},"end":{"line":270,"column":43}},"loc":{"start":{"line":270,"column":47},"end":{"line":270,"column":78}},"line":270},"26":{"name":"(anonymous_26)","decl":{"start":{"line":277,"column":27},"end":{"line":277,"column":28}},"loc":{"start":{"line":277,"column":39},"end":{"line":290,"column":1}},"line":277},"27":{"name":"(anonymous_27)","decl":{"start":{"line":285,"column":17},"end":{"line":285,"column":18}},"loc":{"start":{"line":285,"column":23},"end":{"line":287,"column":7}},"line":285},"28":{"name":"(anonymous_28)","decl":{"start":{"line":292,"column":10},"end":{"line":292,"column":11}},"loc":{"start":{"line":292,"column":16},"end":{"line":305,"column":1}},"line":292},"29":{"name":"(anonymous_29)","decl":{"start":{"line":299,"column":37},"end":{"line":299,"column":38}},"loc":{"start":{"line":299,"column":44},"end":{"line":304,"column":3}},"line":299},"30":{"name":"(anonymous_30)","decl":{"start":{"line":311,"column":6},"end":{"line":311,"column":20}},"loc":{"start":{"line":314,"column":21},"end":{"line":375,"column":36}},"line":314},"31":{"name":"(anonymous_31)","decl":{"start":{"line":312,"column":8},"end":{"line":312,"column":14}},"loc":{"start":{"line":312,"column":29},"end":{"line":314,"column":21}},"line":312},"32":{"name":"(anonymous_32)","decl":{"start":{"line":320,"column":19},"end":{"line":320,"column":29}},"loc":{"start":{"line":320,"column":19},"end":{"line":320,"column":null}},"line":320},"33":{"name":"(anonymous_33)","decl":{"start":{"line":333,"column":10},"end":{"line":333,"column":23}},"loc":{"start":{"line":333,"column":35},"end":{"line":333,"column":35}},"line":333},"34":{"name":"(anonymous_34)","decl":{"start":{"line":342,"column":10},"end":{"line":342,"column":22}},"loc":{"start":{"line":342,"column":34},"end":{"line":342,"column":34}},"line":342},"35":{"name":"(anonymous_35)","decl":{"start":{"line":351,"column":10},"end":{"line":351,"column":20}},"loc":{"start":{"line":351,"column":32},"end":{"line":351,"column":32}},"line":351},"36":{"name":"(anonymous_36)","decl":{"start":{"line":360,"column":10},"end":{"line":360,"column":18}},"loc":{"start":{"line":360,"column":30},"end":{"line":360,"column":30}},"line":360},"37":{"name":"(anonymous_37)","decl":{"start":{"line":370,"column":10},"end":{"line":370,"column":21}},"loc":{"start":{"line":370,"column":33},"end":{"line":370,"column":33}},"line":370},"38":{"name":"(anonymous_38)","decl":{"start":{"line":374,"column":10},"end":{"line":374,"column":21}},"loc":{"start":{"line":374,"column":52},"end":{"line":375,"column":36}},"line":374},"39":{"name":"(anonymous_39)","decl":{"start":{"line":389,"column":13},"end":{"line":389,"column":20}},"loc":{"start":{"line":389,"column":32},"end":{"line":389,"column":32}},"line":389},"40":{"name":"(anonymous_40)","decl":{"start":{"line":461,"column":15},"end":{"line":461,"column":29}},"loc":{"start":{"line":461,"column":15},"end":{"line":461,"column":null}},"line":461},"41":{"name":"(anonymous_41)","decl":{"start":{"line":465,"column":6},"end":{"line":465,"column":null}},"loc":{"start":{"line":470,"column":8},"end":{"line":473,"column":12}},"line":470},"42":{"name":"(anonymous_42)","decl":{"start":{"line":478,"column":15},"end":{"line":478,"column":30}},"loc":{"start":{"line":478,"column":15},"end":{"line":478,"column":null}},"line":478},"43":{"name":"(anonymous_43)","decl":{"start":{"line":482,"column":6},"end":{"line":482,"column":27}},"loc":{"start":{"line":482,"column":57},"end":{"line":482,"column":57}},"line":482},"44":{"name":"(anonymous_44)","decl":{"start":{"line":487,"column":15},"end":{"line":487,"column":30}},"loc":{"start":{"line":487,"column":15},"end":{"line":487,"column":null}},"line":487},"45":{"name":"(anonymous_45)","decl":{"start":{"line":492,"column":6},"end":{"line":492,"column":null}},"loc":{"start":{"line":497,"column":8},"end":{"line":496,"column":null}},"line":497},"46":{"name":"(anonymous_46)","decl":{"start":{"line":496,"column":14},"end":{"line":496,"column":16}},"loc":{"start":{"line":496,"column":16},"end":{"line":496,"column":null}},"line":496},"47":{"name":"(anonymous_47)","decl":{"start":{"line":502,"column":15},"end":{"line":502,"column":29}},"loc":{"start":{"line":502,"column":15},"end":{"line":502,"column":null}},"line":502},"48":{"name":"(anonymous_48)","decl":{"start":{"line":506,"column":6},"end":{"line":506,"column":null}},"loc":{"start":{"line":511,"column":8},"end":{"line":510,"column":null}},"line":511},"49":{"name":"(anonymous_49)","decl":{"start":{"line":516,"column":15},"end":{"line":516,"column":30}},"loc":{"start":{"line":516,"column":15},"end":{"line":516,"column":null}},"line":516},"50":{"name":"(anonymous_50)","decl":{"start":{"line":520,"column":6},"end":{"line":520,"column":null}},"loc":{"start":{"line":526,"column":8},"end":{"line":529,"column":12}},"line":526},"51":{"name":"(anonymous_51)","decl":{"start":{"line":525,"column":14},"end":{"line":525,"column":16}},"loc":{"start":{"line":525,"column":16},"end":{"line":525,"column":null}},"line":525}},"branchMap":{"0":{"loc":{"start":{"line":56,"column":16},"end":{"line":56,"column":57}},"type":"cond-expr","locations":[{"start":{"line":56,"column":41},"end":{"line":56,"column":48}},{"start":{"line":56,"column":51},"end":{"line":56,"column":57}}],"line":56},"1":{"loc":{"start":{"line":78,"column":4},"end":{"line":83,"column":null}},"type":"if","locations":[{"start":{"line":78,"column":4},"end":{"line":83,"column":null}},{"start":{"line":80,"column":11},"end":{"line":83,"column":null}}],"line":78},"2":{"loc":{"start":{"line":86,"column":4},"end":{"line":88,"column":null}},"type":"if","locations":[{"start":{"line":86,"column":4},"end":{"line":88,"column":null}},{"start":{},"end":{}}],"line":86},"3":{"loc":{"start":{"line":99,"column":2},"end":{"line":101,"column":null}},"type":"if","locations":[{"start":{"line":99,"column":2},"end":{"line":101,"column":null}},{"start":{},"end":{}}],"line":99},"4":{"loc":{"start":{"line":113,"column":2},"end":{"line":117,"column":null}},"type":"if","locations":[{"start":{"line":113,"column":2},"end":{"line":117,"column":null}},{"start":{},"end":{}}],"line":113},"5":{"loc":{"start":{"line":126,"column":2},"end":{"line":126,"column":null}},"type":"if","locations":[{"start":{"line":126,"column":2},"end":{"line":126,"column":null}},{"start":{},"end":{}}],"line":126},"6":{"loc":{"start":{"line":127,"column":2},"end":{"line":127,"column":null}},"type":"if","locations":[{"start":{"line":127,"column":2},"end":{"line":127,"column":null}},{"start":{},"end":{}}],"line":127},"7":{"loc":{"start":{"line":132,"column":2},"end":{"line":132,"column":null}},"type":"if","locations":[{"start":{"line":132,"column":2},"end":{"line":132,"column":null}},{"start":{},"end":{}}],"line":132},"8":{"loc":{"start":{"line":133,"column":2},"end":{"line":133,"column":null}},"type":"if","locations":[{"start":{"line":133,"column":2},"end":{"line":133,"column":null}},{"start":{},"end":{}}],"line":133},"9":{"loc":{"start":{"line":134,"column":2},"end":{"line":134,"column":null}},"type":"if","locations":[{"start":{"line":134,"column":2},"end":{"line":134,"column":null}},{"start":{},"end":{}}],"line":134},"10":{"loc":{"start":{"line":139,"column":2},"end":{"line":139,"column":null}},"type":"if","locations":[{"start":{"line":139,"column":2},"end":{"line":139,"column":null}},{"start":{},"end":{}}],"line":139},"11":{"loc":{"start":{"line":140,"column":2},"end":{"line":140,"column":null}},"type":"if","locations":[{"start":{"line":140,"column":2},"end":{"line":140,"column":null}},{"start":{},"end":{}}],"line":140},"12":{"loc":{"start":{"line":141,"column":2},"end":{"line":141,"column":null}},"type":"if","locations":[{"start":{"line":141,"column":2},"end":{"line":141,"column":null}},{"start":{},"end":{}}],"line":141},"13":{"loc":{"start":{"line":146,"column":2},"end":{"line":146,"column":null}},"type":"if","locations":[{"start":{"line":146,"column":2},"end":{"line":146,"column":null}},{"start":{},"end":{}}],"line":146},"14":{"loc":{"start":{"line":147,"column":2},"end":{"line":147,"column":null}},"type":"if","locations":[{"start":{"line":147,"column":2},"end":{"line":147,"column":null}},{"start":{},"end":{}}],"line":147},"15":{"loc":{"start":{"line":148,"column":2},"end":{"line":148,"column":null}},"type":"if","locations":[{"start":{"line":148,"column":2},"end":{"line":148,"column":null}},{"start":{},"end":{}}],"line":148},"16":{"loc":{"start":{"line":149,"column":2},"end":{"line":149,"column":null}},"type":"if","locations":[{"start":{"line":149,"column":2},"end":{"line":149,"column":null}},{"start":{},"end":{}}],"line":149},"17":{"loc":{"start":{"line":154,"column":2},"end":{"line":154,"column":null}},"type":"if","locations":[{"start":{"line":154,"column":2},"end":{"line":154,"column":null}},{"start":{},"end":{}}],"line":154},"18":{"loc":{"start":{"line":155,"column":2},"end":{"line":155,"column":null}},"type":"if","locations":[{"start":{"line":155,"column":2},"end":{"line":155,"column":null}},{"start":{},"end":{}}],"line":155},"19":{"loc":{"start":{"line":156,"column":2},"end":{"line":156,"column":null}},"type":"if","locations":[{"start":{"line":156,"column":2},"end":{"line":156,"column":null}},{"start":{},"end":{}}],"line":156},"20":{"loc":{"start":{"line":157,"column":2},"end":{"line":157,"column":null}},"type":"if","locations":[{"start":{"line":157,"column":2},"end":{"line":157,"column":null}},{"start":{},"end":{}}],"line":157},"21":{"loc":{"start":{"line":172,"column":4},"end":{"line":181,"column":null}},"type":"if","locations":[{"start":{"line":172,"column":4},"end":{"line":181,"column":null}},{"start":{},"end":{}}],"line":172},"22":{"loc":{"start":{"line":174,"column":6},"end":{"line":180,"column":null}},"type":"if","locations":[{"start":{"line":174,"column":6},"end":{"line":180,"column":null}},{"start":{},"end":{}}],"line":174},"23":{"loc":{"start":{"line":215,"column":9},"end":{"line":215,"column":27}},"type":"binary-expr","locations":[{"start":{"line":215,"column":9},"end":{"line":215,"column":17}},{"start":{"line":215,"column":21},"end":{"line":215,"column":27}}],"line":215},"24":{"loc":{"start":{"line":219,"column":2},"end":{"line":219,"column":null}},"type":"if","locations":[{"start":{"line":219,"column":2},"end":{"line":219,"column":null}},{"start":{},"end":{}}],"line":219},"25":{"loc":{"start":{"line":221,"column":2},"end":{"line":223,"column":null}},"type":"if","locations":[{"start":{"line":221,"column":2},"end":{"line":223,"column":null}},{"start":{},"end":{}}],"line":221},"26":{"loc":{"start":{"line":225,"column":2},"end":{"line":227,"column":null}},"type":"if","locations":[{"start":{"line":225,"column":2},"end":{"line":227,"column":null}},{"start":{},"end":{}}],"line":225},"27":{"loc":{"start":{"line":226,"column":37},"end":{"line":226,"column":88}},"type":"binary-expr","locations":[{"start":{"line":226,"column":37},"end":{"line":226,"column":66}},{"start":{"line":226,"column":70},"end":{"line":226,"column":88}}],"line":226},"28":{"loc":{"start":{"line":235,"column":2},"end":{"line":244,"column":null}},"type":"if","locations":[{"start":{"line":235,"column":2},"end":{"line":244,"column":null}},{"start":{},"end":{}}],"line":235},"29":{"loc":{"start":{"line":237,"column":38},"end":{"line":237,"column":103}},"type":"binary-expr","locations":[{"start":{"line":237,"column":38},"end":{"line":237,"column":71}},{"start":{"line":237,"column":75},"end":{"line":237,"column":103}}],"line":237},"30":{"loc":{"start":{"line":238,"column":36},"end":{"line":238,"column":155}},"type":"binary-expr","locations":[{"start":{"line":238,"column":36},"end":{"line":238,"column":72}},{"start":{"line":238,"column":76},"end":{"line":238,"column":105}},{"start":{"line":238,"column":110},"end":{"line":238,"column":128}},{"start":{"line":238,"column":132},"end":{"line":238,"column":154}}],"line":238},"31":{"loc":{"start":{"line":240,"column":6},"end":{"line":242,"column":null}},"type":"if","locations":[{"start":{"line":240,"column":6},"end":{"line":242,"column":null}},{"start":{},"end":{}}],"line":240},"32":{"loc":{"start":{"line":240,"column":10},"end":{"line":240,"column":58}},"type":"binary-expr","locations":[{"start":{"line":240,"column":10},"end":{"line":240,"column":33}},{"start":{"line":240,"column":37},"end":{"line":240,"column":58}}],"line":240},"33":{"loc":{"start":{"line":247,"column":2},"end":{"line":257,"column":null}},"type":"if","locations":[{"start":{"line":247,"column":2},"end":{"line":257,"column":null}},{"start":{},"end":{}}],"line":247},"34":{"loc":{"start":{"line":249,"column":20},"end":{"line":249,"column":66}},"type":"binary-expr","locations":[{"start":{"line":249,"column":20},"end":{"line":249,"column":48}},{"start":{"line":249,"column":52},"end":{"line":249,"column":66}}],"line":249},"35":{"loc":{"start":{"line":253,"column":6},"end":{"line":255,"column":null}},"type":"if","locations":[{"start":{"line":253,"column":6},"end":{"line":255,"column":null}},{"start":{},"end":{}}],"line":253},"36":{"loc":{"start":{"line":253,"column":10},"end":{"line":253,"column":38}},"type":"binary-expr","locations":[{"start":{"line":253,"column":10},"end":{"line":253,"column":23}},{"start":{"line":253,"column":27},"end":{"line":253,"column":38}}],"line":253},"37":{"loc":{"start":{"line":260,"column":2},"end":{"line":272,"column":null}},"type":"if","locations":[{"start":{"line":260,"column":2},"end":{"line":272,"column":null}},{"start":{},"end":{}}],"line":260},"38":{"loc":{"start":{"line":260,"column":6},"end":{"line":260,"column":45}},"type":"binary-expr","locations":[{"start":{"line":260,"column":6},"end":{"line":260,"column":24}},{"start":{"line":260,"column":28},"end":{"line":260,"column":45}}],"line":260},"39":{"loc":{"start":{"line":262,"column":21},"end":{"line":264,"column":28}},"type":"cond-expr","locations":[{"start":{"line":262,"column":42},"end":{"line":262,"column":54}},{"start":{"line":263,"column":22},"end":{"line":264,"column":28}}],"line":262},"40":{"loc":{"start":{"line":263,"column":22},"end":{"line":264,"column":28}},"type":"cond-expr","locations":[{"start":{"line":263,"column":66},"end":{"line":263,"column":78}},{"start":{"line":264,"column":22},"end":{"line":264,"column":28}}],"line":263},"41":{"loc":{"start":{"line":263,"column":22},"end":{"line":263,"column":63}},"type":"binary-expr","locations":[{"start":{"line":263,"column":22},"end":{"line":263,"column":40}},{"start":{"line":263,"column":44},"end":{"line":263,"column":63}}],"line":263},"42":{"loc":{"start":{"line":269,"column":4},"end":{"line":271,"column":null}},"type":"if","locations":[{"start":{"line":269,"column":4},"end":{"line":271,"column":null}},{"start":{},"end":{}}],"line":269},"43":{"loc":{"start":{"line":280,"column":2},"end":{"line":289,"column":null}},"type":"if","locations":[{"start":{"line":280,"column":2},"end":{"line":289,"column":null}},{"start":{},"end":{}}],"line":280},"44":{"loc":{"start":{"line":282,"column":4},"end":{"line":288,"column":null}},"type":"if","locations":[{"start":{"line":282,"column":4},"end":{"line":288,"column":null}},{"start":{},"end":{}}],"line":282},"45":{"loc":{"start":{"line":293,"column":21},"end":{"line":293,"column":60}},"type":"binary-expr","locations":[{"start":{"line":293,"column":21},"end":{"line":293,"column":50}},{"start":{"line":293,"column":54},"end":{"line":293,"column":60}}],"line":293},"46":{"loc":{"start":{"line":300,"column":4},"end":{"line":303,"column":null}},"type":"if","locations":[{"start":{"line":300,"column":4},"end":{"line":303,"column":null}},{"start":{},"end":{}}],"line":300},"47":{"loc":{"start":{"line":300,"column":8},"end":{"line":300,"column":63}},"type":"binary-expr","locations":[{"start":{"line":300,"column":9},"end":{"line":300,"column":18}},{"start":{"line":300,"column":22},"end":{"line":300,"column":31}},{"start":{"line":300,"column":36},"end":{"line":300,"column":46}},{"start":{"line":300,"column":50},"end":{"line":300,"column":63}}],"line":300},"48":{"loc":{"start":{"line":311,"column":37},"end":{"line":311,"column":null}},"type":"cond-expr","locations":[{"start":{"line":311,"column":42},"end":{"line":311,"column":null}},{"start":{"line":311,"column":42},"end":{"line":311,"column":null}}],"line":311},"49":{"loc":{"start":{"line":312,"column":29},"end":{"line":314,"column":21}},"type":"binary-expr","locations":[{"start":{"line":312,"column":29},"end":{"line":312,"column":null}},{"start":{"line":312,"column":29},"end":{"line":314,"column":21}}],"line":312},"50":{"loc":{"start":{"line":317,"column":40},"end":{"line":317,"column":97}},"type":"cond-expr","locations":[{"start":{"line":317,"column":45},"end":{"line":317,"column":97}},{"start":{"line":317,"column":45},"end":{"line":317,"column":97}}],"line":317},"51":{"loc":{"start":{"line":320,"column":19},"end":{"line":320,"column":null}},"type":"binary-expr","locations":[{"start":{"line":320,"column":19},"end":{"line":320,"column":29}},{"start":{"line":320,"column":19},"end":{"line":320,"column":null}}],"line":320},"52":{"loc":{"start":{"line":323,"column":18},"end":{"line":323,"column":null}},"type":"cond-expr","locations":[{"start":{"line":323,"column":23},"end":{"line":323,"column":null}},{"start":{"line":323,"column":23},"end":{"line":323,"column":null}}],"line":323},"53":{"loc":{"start":{"line":329,"column":26},"end":{"line":329,"column":95}},"type":"cond-expr","locations":[{"start":{"line":329,"column":31},"end":{"line":329,"column":95}},{"start":{"line":329,"column":31},"end":{"line":329,"column":95}}],"line":329},"54":{"loc":{"start":{"line":338,"column":26},"end":{"line":338,"column":95}},"type":"cond-expr","locations":[{"start":{"line":338,"column":31},"end":{"line":338,"column":95}},{"start":{"line":338,"column":31},"end":{"line":338,"column":95}}],"line":338},"55":{"loc":{"start":{"line":347,"column":26},"end":{"line":347,"column":95}},"type":"cond-expr","locations":[{"start":{"line":347,"column":31},"end":{"line":347,"column":95}},{"start":{"line":347,"column":31},"end":{"line":347,"column":95}}],"line":347},"56":{"loc":{"start":{"line":356,"column":26},"end":{"line":356,"column":95}},"type":"cond-expr","locations":[{"start":{"line":356,"column":31},"end":{"line":356,"column":95}},{"start":{"line":356,"column":31},"end":{"line":356,"column":95}}],"line":356},"57":{"loc":{"start":{"line":365,"column":26},"end":{"line":365,"column":95}},"type":"cond-expr","locations":[{"start":{"line":365,"column":31},"end":{"line":365,"column":95}},{"start":{"line":365,"column":31},"end":{"line":365,"column":95}}],"line":365},"58":{"loc":{"start":{"line":373,"column":40},"end":{"line":373,"column":97}},"type":"cond-expr","locations":[{"start":{"line":373,"column":45},"end":{"line":373,"column":97}},{"start":{"line":373,"column":45},"end":{"line":373,"column":97}}],"line":373},"59":{"loc":{"start":{"line":374,"column":21},"end":{"line":375,"column":36}},"type":"cond-expr","locations":[{"start":{"line":374,"column":10},"end":{"line":374,"column":52}},{"start":{"line":375,"column":10},"end":{"line":375,"column":36}}],"line":374},"60":{"loc":{"start":{"line":386,"column":12},"end":{"line":386,"column":55}},"type":"binary-expr","locations":[{"start":{"line":386,"column":12},"end":{"line":386,"column":18}},{"start":{"line":386,"column":12},"end":{"line":386,"column":55}}],"line":386},"61":{"loc":{"start":{"line":393,"column":27},"end":{"line":399,"column":77}},"type":"cond-expr","locations":[{"start":{"line":394,"column":12},"end":{"line":396,"column":51}},{"start":{"line":399,"column":10},"end":{"line":399,"column":77}}],"line":393},"62":{"loc":{"start":{"line":397,"column":18},"end":{"line":396,"column":51}},"type":"binary-expr","locations":[{"start":{"line":397,"column":18},"end":{"line":397,"column":null}},{"start":{"line":397,"column":18},"end":{"line":396,"column":51}}],"line":397},"63":{"loc":{"start":{"line":413,"column":21},"end":{"line":416,"column":null}},"type":"cond-expr","locations":[{"start":{"line":413,"column":10},"end":{"line":416,"column":null}}],"line":413},"64":{"loc":{"start":{"line":421,"column":22},"end":{"line":451,"column":87}},"type":"cond-expr","locations":[{"start":{"line":421,"column":10},"end":{"line":429,"column":18}},{"start":{"line":432,"column":10},"end":{"line":451,"column":87}}],"line":421},"65":{"loc":{"start":{"line":423,"column":12},"end":{"line":423,"column":54}},"type":"binary-expr","locations":[{"start":{"line":423,"column":12},"end":{"line":423,"column":16}},{"start":{"line":423,"column":12},"end":{"line":423,"column":54}}],"line":423},"66":{"loc":{"start":{"line":424,"column":12},"end":{"line":424,"column":96}},"type":"binary-expr","locations":[{"start":{"line":424,"column":12},"end":{"line":424,"column":15}},{"start":{"line":424,"column":12},"end":{"line":424,"column":96}}],"line":424},"67":{"loc":{"start":{"line":427,"column":52},"end":{"line":427,"column":106}},"type":"binary-expr","locations":[{"start":{"line":427,"column":52},"end":{"line":427,"column":102}},{"start":{"line":427,"column":52},"end":{"line":427,"column":106}}],"line":427},"68":{"loc":{"start":{"line":427,"column":102},"end":{"line":427,"column":null}},"type":"binary-expr","locations":[{"start":{"line":427,"column":102},"end":{"line":427,"column":106}},{"start":{"line":427,"column":102},"end":{"line":427,"column":null}}],"line":427},"69":{"loc":{"start":{"line":428,"column":47},"end":{"line":429,"column":18}},"type":"binary-expr","locations":[{"start":{"line":428,"column":47},"end":{"line":428,"column":null}},{"start":{"line":428,"column":47},"end":{"line":429,"column":18}}],"line":428},"70":{"loc":{"start":{"line":446,"column":18},"end":{"line":446,"column":68}},"type":"binary-expr","locations":[{"start":{"line":446,"column":18},"end":{"line":446,"column":24}},{"start":{"line":446,"column":18},"end":{"line":446,"column":68}}],"line":446},"71":{"loc":{"start":{"line":461,"column":15},"end":{"line":461,"column":null}},"type":"binary-expr","locations":[{"start":{"line":461,"column":15},"end":{"line":461,"column":29}},{"start":{"line":461,"column":15},"end":{"line":461,"column":null}}],"line":461},"72":{"loc":{"start":{"line":463,"column":33},"end":{"line":463,"column":null}},"type":"binary-expr","locations":[{"start":{"line":463,"column":33},"end":{"line":463,"column":51}},{"start":{"line":463,"column":51},"end":{"line":463,"column":null}}],"line":463},"73":{"loc":{"start":{"line":466,"column":14},"end":{"line":473,"column":12}},"type":"cond-expr","locations":[{"start":{"line":465,"column":6},"end":{"line":469,"column":null}},{"start":{"line":471,"column":6},"end":{"line":473,"column":12}}],"line":466},"74":{"loc":{"start":{"line":478,"column":15},"end":{"line":478,"column":null}},"type":"binary-expr","locations":[{"start":{"line":478,"column":15},"end":{"line":478,"column":30}},{"start":{"line":478,"column":15},"end":{"line":478,"column":null}}],"line":478},"75":{"loc":{"start":{"line":487,"column":15},"end":{"line":487,"column":null}},"type":"binary-expr","locations":[{"start":{"line":487,"column":15},"end":{"line":487,"column":30}},{"start":{"line":487,"column":15},"end":{"line":487,"column":null}}],"line":487},"76":{"loc":{"start":{"line":496,"column":14},"end":{"line":496,"column":null}},"type":"binary-expr","locations":[{"start":{"line":496,"column":14},"end":{"line":496,"column":16}},{"start":{"line":496,"column":14},"end":{"line":496,"column":null}}],"line":496},"77":{"loc":{"start":{"line":502,"column":15},"end":{"line":502,"column":null}},"type":"binary-expr","locations":[{"start":{"line":502,"column":15},"end":{"line":502,"column":29}},{"start":{"line":502,"column":15},"end":{"line":502,"column":null}}],"line":502},"78":{"loc":{"start":{"line":516,"column":15},"end":{"line":516,"column":null}},"type":"binary-expr","locations":[{"start":{"line":516,"column":15},"end":{"line":516,"column":30}},{"start":{"line":516,"column":15},"end":{"line":516,"column":null}}],"line":516},"79":{"loc":{"start":{"line":521,"column":14},"end":{"line":529,"column":12}},"type":"cond-expr","locations":[{"start":{"line":520,"column":6},"end":{"line":525,"column":null}},{"start":{"line":527,"column":6},"end":{"line":529,"column":12}}],"line":521},"80":{"loc":{"start":{"line":521,"column":14},"end":{"line":521,"column":41}},"type":"binary-expr","locations":[{"start":{"line":521,"column":14},"end":{"line":521,"column":26}},{"start":{"line":521,"column":30},"end":{"line":521,"column":41}}],"line":521},"81":{"loc":{"start":{"line":525,"column":14},"end":{"line":525,"column":null}},"type":"binary-expr","locations":[{"start":{"line":525,"column":14},"end":{"line":525,"column":16}},{"start":{"line":525,"column":14},"end":{"line":525,"column":null}}],"line":525}},"s":{"0":4,"1":4,"2":4,"3":4,"4":4,"5":4,"6":4,"7":4,"8":4,"9":4,"10":4,"11":4,"12":4,"13":4,"14":4,"15":4,"16":4,"17":4,"18":4,"19":4,"20":4,"21":1,"22":1,"23":1,"24":4,"25":4,"26":4,"27":4,"28":0,"29":4,"30":1,"31":1,"32":1,"33":1,"34":1,"35":1,"36":1,"37":1,"38":0,"39":0,"40":1,"41":0,"42":0,"43":1,"44":4,"45":1,"46":1,"47":1,"48":1,"49":4,"50":0,"51":0,"52":4,"53":0,"54":0,"55":0,"56":0,"57":4,"58":0,"59":4,"60":0,"61":0,"62":0,"63":0,"64":0,"65":4,"66":0,"67":0,"68":0,"69":0,"70":0,"71":0,"72":0,"73":4,"74":0,"75":0,"76":0,"77":0,"78":0,"79":0,"80":0,"81":4,"82":0,"83":0,"84":0,"85":0,"86":0,"87":0,"88":0,"89":0,"90":0,"91":4,"92":0,"93":0,"94":0,"95":0,"96":0,"97":0,"98":0,"99":0,"100":0,"101":4,"102":0,"103":0,"104":0,"105":0,"106":0,"107":0,"108":0,"109":0,"110":0,"111":0,"112":0,"113":0,"114":0,"115":4,"116":4,"117":0,"118":4,"119":0,"120":4,"121":0,"122":4,"123":0,"124":0,"125":0,"126":4,"127":2,"128":2,"129":0,"130":0,"131":0,"132":0,"133":0,"134":0,"135":0,"136":4,"137":2,"138":2,"139":0,"140":0,"141":0,"142":0,"143":0,"144":2,"145":0,"146":0,"147":0,"148":0,"149":0,"150":0,"151":2,"152":1,"153":1,"154":1,"155":1,"156":1,"157":0,"158":2,"159":4,"160":0,"161":0,"162":0,"163":0,"164":0,"165":0,"166":0,"167":0,"168":0,"169":4,"170":4,"171":4,"172":4,"173":4,"174":4,"175":0,"176":0,"177":0,"178":1,"179":1,"180":1,"181":1,"182":1,"183":1,"184":1,"185":1,"186":1,"187":1,"188":1,"189":1,"190":1,"191":1,"192":11,"193":3,"194":3,"195":0,"196":3,"197":3,"198":3,"199":3,"200":3,"201":3,"202":2,"203":0,"204":2,"205":0,"206":2,"207":0,"208":2,"209":0,"210":0,"211":2,"212":0,"213":2,"214":0},"f":{"0":1,"1":4,"2":1,"3":1,"4":0,"5":0,"6":0,"7":0,"8":0,"9":0,"10":0,"11":0,"12":0,"13":0,"14":0,"15":0,"16":0,"17":0,"18":0,"19":0,"20":2,"21":0,"22":0,"23":2,"24":0,"25":0,"26":0,"27":0,"28":4,"29":0,"30":3,"31":3,"32":0,"33":3,"34":3,"35":3,"36":3,"37":3,"38":3,"39":2,"40":0,"41":2,"42":0,"43":2,"44":0,"45":2,"46":0,"47":0,"48":2,"49":0,"50":2,"51":0},"b":{"0":[1,0],"1":[1,0],"2":[0,1],"3":[1,0],"4":[0,0],"5":[0,0],"6":[0,0],"7":[0,0],"8":[0,0],"9":[0,0],"10":[0,0],"11":[0,0],"12":[0,0],"13":[0,0],"14":[0,0],"15":[0,0],"16":[0,0],"17":[0,0],"18":[0,0],"19":[0,0],"20":[0,0],"21":[0,0],"22":[0,0],"23":[0,0],"24":[2,0],"25":[0,0],"26":[0,0],"27":[0,0],"28":[0,2],"29":[0,0],"30":[0,0,0,0],"31":[0,0],"32":[0,0],"33":[0,2],"34":[0,0],"35":[0,0],"36":[0,0],"37":[1,1],"38":[2,2],"39":[1,0],"40":[0,0],"41":[0,0],"42":[1,0],"43":[0,0],"44":[0,0],"45":[4,3],"46":[0,0],"47":[0,0,0,0],"48":[2,1],"49":[3,2],"50":[2,1],"51":[3,2],"52":[2,1],"53":[2,1],"54":[2,1],"55":[2,1],"56":[2,1],"57":[2,1],"58":[2,1],"59":[2,1],"60":[11,4],"61":[6,5],"62":[6,4],"63":[3,null],"64":[8,3],"65":[8,4],"66":[8,4],"67":[8,4],"68":[8,4],"69":[8,4],"70":[3,1],"71":[11,4],"72":[11,8],"73":[0,2],"74":[11,4],"75":[11,4],"76":[2,2],"77":[11,4],"78":[11,4],"79":[0,2],"80":[2,0],"81":[0,0]},"meta":{"lastBranch":0,"lastFunction":0,"lastStatement":0,"seen":{}}}
,"/home/runner/work/codecom/codecom/frontend/src/components/CodeHighlighter.vue": {"path":"/home/runner/work/codecom/codecom/frontend/src/components/CodeHighlighter.vue","statementMap":{"0":{"start":{"line":5,"column":14},"end":{"line":5,"column":null}},"1":{"start":{"line":24,"column":23},"end":{"line":24,"column":31}},"2":{"start":{"line":25,"column":17},"end":{"line":25,"column":27}},"3":{"start":{"line":26,"column":18},"end":{"line":26,"column":22}},"4":{"start":{"line":28,"column":20},"end":{"line":54,"column":1}},"5":{"start":{"line":29,"column":2},"end":{"line":29,"column":null}},"6":{"start":{"line":29,"column":17},"end":{"line":29,"column":null}},"7":{"start":{"line":30,"column":14},"end":{"line":30,"column":53}},"8":{"start":{"line":32,"column":14},"end":{"line":51,"column":3}},"9":{"start":{"line":53,"column":2},"end":{"line":53,"column":null}},"10":{"start":{"line":56,"column":27},"end":{"line":82,"column":1}},"11":{"start":{"line":57,"column":2},"end":{"line":57,"column":null}},"12":{"start":{"line":57,"column":20},"end":{"line":57,"column":null}},"13":{"start":{"line":59,"column":15},"end":{"line":59,"column":42}},"14":{"start":{"line":60,"column":2},"end":{"line":60,"column":null}},"15":{"start":{"line":62,"column":2},"end":{"line":81,"column":null}},"16":{"start":{"line":63,"column":4},"end":{"line":75,"column":null}},"17":{"start":{"line":69,"column":12},"end":{"line":71,"column":null}},"18":{"start":{"line":70,"column":14},"end":{"line":70,"column":null}},"19":{"start":{"line":77,"column":4},"end":{"line":77,"column":null}},"20":{"start":{"line":78,"column":4},"end":{"line":78,"column":null}},"21":{"start":{"line":80,"column":4},"end":{"line":80,"column":null}},"22":{"start":{"line":84,"column":0},"end":{"line":90,"column":null}},"23":{"start":{"line":85,"column":2},"end":{"line":88,"column":null}},"24":{"start":{"line":89,"column":2},"end":{"line":89,"column":null}},"25":{"start":{"line":92,"column":0},"end":{"line":94,"column":null}},"26":{"start":{"line":92,"column":13},"end":{"line":92,"column":23}},"27":{"start":{"line":92,"column":31},"end":{"line":92,"column":45}},"28":{"start":{"line":92,"column":53},"end":{"line":92,"column":64}},"29":{"start":{"line":92,"column":72},"end":{"line":92,"column":89}},"30":{"start":{"line":93,"column":2},"end":{"line":93,"column":null}},"31":{"start":{"line":98,"column":7},"end":{"line":98,"column":null}},"32":{"start":{"line":98,"column":2},"end":{"line":102,"column":64}}},"fnMap":{"0":{"name":"(anonymous_0)","decl":{"start":{"line":28,"column":20},"end":{"line":28,"column":21}},"loc":{"start":{"line":28,"column":34},"end":{"line":54,"column":1}},"line":28},"1":{"name":"(anonymous_1)","decl":{"start":{"line":56,"column":27},"end":{"line":56,"column":32}},"loc":{"start":{"line":56,"column":39},"end":{"line":82,"column":1}},"line":56},"2":{"name":"(anonymous_2)","decl":{"start":{"line":68,"column":10},"end":{"line":68,"column":14}},"loc":{"start":{"line":68,"column":27},"end":{"line":72,"column":null}},"line":68},"3":{"name":"(anonymous_3)","decl":{"start":{"line":84,"column":10},"end":{"line":84,"column":15}},"loc":{"start":{"line":84,"column":22},"end":{"line":90,"column":1}},"line":84},"4":{"name":"(anonymous_4)","decl":{"start":{"line":92,"column":7},"end":{"line":92,"column":8}},"loc":{"start":{"line":92,"column":13},"end":{"line":92,"column":23}},"line":92},"5":{"name":"(anonymous_5)","decl":{"start":{"line":92,"column":25},"end":{"line":92,"column":26}},"loc":{"start":{"line":92,"column":31},"end":{"line":92,"column":45}},"line":92},"6":{"name":"(anonymous_6)","decl":{"start":{"line":92,"column":47},"end":{"line":92,"column":48}},"loc":{"start":{"line":92,"column":53},"end":{"line":92,"column":64}},"line":92},"7":{"name":"(anonymous_7)","decl":{"start":{"line":92,"column":66},"end":{"line":92,"column":67}},"loc":{"start":{"line":92,"column":72},"end":{"line":92,"column":89}},"line":92},"8":{"name":"(anonymous_8)","decl":{"start":{"line":92,"column":92},"end":{"line":92,"column":93}},"loc":{"start":{"line":92,"column":98},"end":{"line":94,"column":1}},"line":92}},"branchMap":{"0":{"loc":{"start":{"line":29,"column":2},"end":{"line":29,"column":null}},"type":"if","locations":[{"start":{"line":29,"column":2},"end":{"line":29,"column":null}},{"start":{},"end":{}}],"line":29},"1":{"loc":{"start":{"line":53,"column":9},"end":{"line":53,"column":27}},"type":"binary-expr","locations":[{"start":{"line":53,"column":9},"end":{"line":53,"column":17}},{"start":{"line":53,"column":21},"end":{"line":53,"column":27}}],"line":53},"2":{"loc":{"start":{"line":57,"column":2},"end":{"line":57,"column":null}},"type":"if","locations":[{"start":{"line":57,"column":2},"end":{"line":57,"column":null}},{"start":{},"end":{}}],"line":57},"3":{"loc":{"start":{"line":65,"column":13},"end":{"line":65,"column":68}},"type":"cond-expr","locations":[{"start":{"line":65,"column":38},"end":{"line":65,"column":51}},{"start":{"line":65,"column":54},"end":{"line":65,"column":68}}],"line":65},"4":{"loc":{"start":{"line":69,"column":12},"end":{"line":71,"column":null}},"type":"if","locations":[{"start":{"line":69,"column":12},"end":{"line":71,"column":null}},{"start":{},"end":{}}],"line":69},"5":{"loc":{"start":{"line":99,"column":18},"end":{"line":102,"column":64}},"type":"cond-expr","locations":[{"start":{"line":99,"column":4},"end":{"line":100,"column":67}},{"start":{"line":102,"column":4},"end":{"line":102,"column":64}}],"line":99},"6":{"loc":{"start":{"line":99,"column":18},"end":{"line":99,"column":47}},"type":"binary-expr","locations":[{"start":{"line":99,"column":18},"end":{"line":99,"column":27}},{"start":{"line":99,"column":27},"end":{"line":99,"column":47}}],"line":99},"7":{"loc":{"start":{"line":101,"column":13},"end":{"line":100,"column":67}},"type":"binary-expr","locations":[{"start":{"line":101,"column":13},"end":{"line":101,"column":null}},{"start":{"line":101,"column":13},"end":{"line":100,"column":67}}],"line":101}},"s":{"0":4,"1":4,"2":4,"3":4,"4":4,"5":10,"6":1,"7":9,"8":9,"9":9,"10":4,"11":5,"12":0,"13":5,"14":5,"15":5,"16":5,"17":0,"18":0,"19":0,"20":0,"21":5,"22":4,"23":4,"24":4,"25":4,"26":5,"27":5,"28":5,"29":5,"30":1,"31":2,"32":9},"f":{"0":10,"1":5,"2":0,"3":4,"4":5,"5":5,"6":5,"7":5,"8":1},"b":{"0":[1,9],"1":[9,1],"2":[0,5],"3":[0,5],"4":[0,0],"5":[4,5],"6":[9,4],"7":[4,4]},"meta":{"lastBranch":0,"lastFunction":0,"lastStatement":0,"seen":{}}}
,"/home/runner/work/codecom/codecom/frontend/src/components/CodeStatistics.vue": {"path":"/home/runner/work/codecom/codecom/frontend/src/components/CodeStatistics.vue","statementMap":{"0":{"start":{"line":5,"column":14},"end":{"line":5,"column":null}},"1":{"start":{"line":10,"column":6},"end":{"line":10,"column":null}},"2":{"start":{"line":11,"column":6},"end":{"line":11,"column":null}},"3":{"start":{"line":12,"column":6},"end":{"line":12,"column":null}},"4":{"start":{"line":14,"column":23},"end":{"line":32,"column":null}},"5":{"start":{"line":15,"column":2},"end":{"line":15,"column":null}},"6":{"start":{"line":15,"column":19},"end":{"line":15,"column":null}},"7":{"start":{"line":17,"column":2},"end":{"line":17,"column":null}},"8":{"start":{"line":18,"column":2},"end":{"line":18,"column":null}},"9":{"start":{"line":20,"column":2},"end":{"line":31,"column":null}},"10":{"start":{"line":21,"column":4},"end":{"line":25,"column":null}},"11":{"start":{"line":22,"column":6},"end":{"line":22,"column":null}},"12":{"start":{"line":24,"column":6},"end":{"line":24,"column":null}},"13":{"start":{"line":27,"column":4},"end":{"line":27,"column":null}},"14":{"start":{"line":28,"column":4},"end":{"line":28,"column":null}},"15":{"start":{"line":30,"column":4},"end":{"line":30,"column":null}},"16":{"start":{"line":34,"column":6},"end":{"line":39,"column":null}},"17":{"start":{"line":35,"column":2},"end":{"line":35,"column":null}},"18":{"start":{"line":35,"column":25},"end":{"line":35,"column":null}},"19":{"start":{"line":36,"column":2},"end":{"line":38,"column":null}},"20":{"start":{"line":41,"column":6},"end":{"line":44,"column":null}},"21":{"start":{"line":42,"column":2},"end":{"line":42,"column":null}},"22":{"start":{"line":42,"column":62},"end":{"line":42,"column":null}},"23":{"start":{"line":43,"column":2},"end":{"line":43,"column":null}},"24":{"start":{"line":46,"column":6},"end":{"line":49,"column":null}},"25":{"start":{"line":47,"column":2},"end":{"line":47,"column":null}},"26":{"start":{"line":47,"column":62},"end":{"line":47,"column":null}},"27":{"start":{"line":48,"column":2},"end":{"line":48,"column":null}},"28":{"start":{"line":51,"column":0},"end":{"line":53,"column":null}},"29":{"start":{"line":57,"column":7},"end":{"line":57,"column":null}},"30":{"start":{"line":75,"column":11},"end":{"line":75,"column":null}},"31":{"start":{"line":77,"column":13},"end":{"line":77,"column":null}},"32":{"start":{"line":79,"column":16},"end":{"line":79,"column":38}},"33":{"start":{"line":81,"column":13},"end":{"line":81,"column":null}},"34":{"start":{"line":83,"column":16},"end":{"line":83,"column":null}},"35":{"start":{"line":85,"column":18},"end":{"line":85,"column":43}},"36":{"start":{"line":88,"column":13},"end":{"line":88,"column":null}},"37":{"start":{"line":90,"column":16},"end":{"line":90,"column":null}},"38":{"start":{"line":92,"column":18},"end":{"line":92,"column":43}},"39":{"start":{"line":95,"column":13},"end":{"line":95,"column":null}},"40":{"start":{"line":97,"column":16},"end":{"line":97,"column":38}},"41":{"start":{"line":102,"column":11},"end":{"line":102,"column":null}},"42":{"start":{"line":104,"column":13},"end":{"line":104,"column":null}},"43":{"start":{"line":106,"column":16},"end":{"line":106,"column":38}},"44":{"start":{"line":108,"column":13},"end":{"line":108,"column":null}},"45":{"start":{"line":110,"column":16},"end":{"line":110,"column":38}},"46":{"start":{"line":112,"column":13},"end":{"line":112,"column":null}},"47":{"start":{"line":114,"column":16},"end":{"line":114,"column":38}},"48":{"start":{"line":116,"column":13},"end":{"line":116,"column":null}},"49":{"start":{"line":118,"column":16},"end":{"line":118,"column":38}},"50":{"start":{"line":125,"column":13},"end":{"line":125,"column":null}},"51":{"start":{"line":127,"column":16},"end":{"line":127,"column":38}},"52":{"start":{"line":132,"column":11},"end":{"line":132,"column":null}},"53":{"start":{"line":133,"column":13},"end":{"line":133,"column":null}},"54":{"start":{"line":135,"column":16},"end":{"line":135,"column":46}},"55":{"start":{"line":139,"column":16},"end":{"line":139,"column":39}},"56":{"start":{"line":57,"column":2},"end":{"line":146,"column":10}}},"fnMap":{"0":{"name":"(anonymous_0)","decl":{"start":{"line":14,"column":23},"end":{"line":14,"column":35}},"loc":{"start":{"line":14,"column":35},"end":{"line":32,"column":null}},"line":14},"1":{"name":"(anonymous_1)","decl":{"start":{"line":34,"column":33},"end":{"line":34,"column":39}},"loc":{"start":{"line":34,"column":39},"end":{"line":39,"column":1}},"line":34},"2":{"name":"(anonymous_2)","decl":{"start":{"line":41,"column":32},"end":{"line":41,"column":38}},"loc":{"start":{"line":41,"column":38},"end":{"line":44,"column":1}},"line":41},"3":{"name":"(anonymous_3)","decl":{"start":{"line":46,"column":35},"end":{"line":46,"column":41}},"loc":{"start":{"line":46,"column":41},"end":{"line":49,"column":1}},"line":46}},"branchMap":{"0":{"loc":{"start":{"line":15,"column":2},"end":{"line":15,"column":null}},"type":"if","locations":[{"start":{"line":15,"column":2},"end":{"line":15,"column":null}},{"start":{},"end":{}}],"line":15},"1":{"loc":{"start":{"line":21,"column":4},"end":{"line":25,"column":null}},"type":"if","locations":[{"start":{"line":21,"column":4},"end":{"line":25,"column":null}},{"start":{"line":23,"column":11},"end":{"line":25,"column":null}}],"line":21},"2":{"loc":{"start":{"line":27,"column":18},"end":{"line":27,"column":null}},"type":"cond-expr","locations":[{"start":{"line":27,"column":39},"end":{"line":27,"column":51}},{"start":{"line":27,"column":51},"end":{"line":27,"column":null}}],"line":27},"3":{"loc":{"start":{"line":35,"column":2},"end":{"line":35,"column":null}},"type":"if","locations":[{"start":{"line":35,"column":2},"end":{"line":35,"column":null}},{"start":{},"end":{}}],"line":35},"4":{"loc":{"start":{"line":42,"column":2},"end":{"line":42,"column":null}},"type":"if","locations":[{"start":{"line":42,"column":2},"end":{"line":42,"column":null}},{"start":{},"end":{}}],"line":42},"5":{"loc":{"start":{"line":42,"column":6},"end":{"line":42,"column":62}},"type":"binary-expr","locations":[{"start":{"line":42,"column":6},"end":{"line":42,"column":27}},{"start":{"line":42,"column":27},"end":{"line":42,"column":62}}],"line":42},"6":{"loc":{"start":{"line":47,"column":2},"end":{"line":47,"column":null}},"type":"if","locations":[{"start":{"line":47,"column":2},"end":{"line":47,"column":null}},{"start":{},"end":{}}],"line":47},"7":{"loc":{"start":{"line":47,"column":6},"end":{"line":47,"column":62}},"type":"binary-expr","locations":[{"start":{"line":47,"column":6},"end":{"line":47,"column":27}},{"start":{"line":47,"column":27},"end":{"line":47,"column":62}}],"line":47},"8":{"loc":{"start":{"line":58,"column":15},"end":{"line":146,"column":10}},"type":"cond-expr","locations":[{"start":{"line":58,"column":15},"end":{"line":64,"column":27}},{"start":{"line":64,"column":20},"end":{"line":146,"column":10}}],"line":58},"9":{"loc":{"start":{"line":62,"column":10},"end":{"line":64,"column":27}},"type":"binary-expr","locations":[{"start":{"line":62,"column":10},"end":{"line":62,"column":null}},{"start":{"line":62,"column":10},"end":{"line":64,"column":27}}],"line":62},"10":{"loc":{"start":{"line":64,"column":20},"end":{"line":146,"column":10}},"type":"cond-expr","locations":[{"start":{"line":64,"column":20},"end":{"line":65,"column":null}},{"start":{"line":68,"column":20},"end":{"line":146,"column":10}}],"line":64},"11":{"loc":{"start":{"line":68,"column":20},"end":{"line":146,"column":10}},"type":"cond-expr","locations":[{"start":{"line":68,"column":20},"end":{"line":144,"column":16}},{"start":{"line":144,"column":4},"end":{"line":146,"column":10}}],"line":68},"12":{"loc":{"start":{"line":142,"column":10},"end":{"line":72,"column":11}},"type":"binary-expr","locations":[{"start":{"line":142,"column":10},"end":{"line":142,"column":null}},{"start":{"line":142,"column":10},"end":{"line":72,"column":11}}],"line":142},"13":{"loc":{"start":{"line":99,"column":12},"end":{"line":76,"column":44}},"type":"binary-expr","locations":[{"start":{"line":99,"column":12},"end":{"line":99,"column":null}},{"start":{"line":99,"column":12},"end":{"line":76,"column":44}}],"line":99},"14":{"loc":{"start":{"line":80,"column":14},"end":{"line":78,"column":48}},"type":"binary-expr","locations":[{"start":{"line":80,"column":14},"end":{"line":80,"column":null}},{"start":{"line":80,"column":14},"end":{"line":78,"column":48}}],"line":80},"15":{"loc":{"start":{"line":87,"column":14},"end":{"line":82,"column":47}},"type":"binary-expr","locations":[{"start":{"line":87,"column":14},"end":{"line":87,"column":null}},{"start":{"line":87,"column":14},"end":{"line":82,"column":47}}],"line":87},"16":{"loc":{"start":{"line":94,"column":14},"end":{"line":89,"column":51}},"type":"binary-expr","locations":[{"start":{"line":94,"column":14},"end":{"line":94,"column":null}},{"start":{"line":94,"column":14},"end":{"line":89,"column":51}}],"line":94},"17":{"loc":{"start":{"line":98,"column":14},"end":{"line":96,"column":48}},"type":"binary-expr","locations":[{"start":{"line":98,"column":14},"end":{"line":98,"column":null}},{"start":{"line":98,"column":14},"end":{"line":96,"column":48}}],"line":98},"18":{"loc":{"start":{"line":120,"column":12},"end":{"line":103,"column":49}},"type":"binary-expr","locations":[{"start":{"line":120,"column":12},"end":{"line":120,"column":null}},{"start":{"line":120,"column":12},"end":{"line":103,"column":49}}],"line":120},"19":{"loc":{"start":{"line":107,"column":14},"end":{"line":105,"column":50}},"type":"binary-expr","locations":[{"start":{"line":107,"column":14},"end":{"line":107,"column":null}},{"start":{"line":107,"column":14},"end":{"line":105,"column":50}}],"line":107},"20":{"loc":{"start":{"line":111,"column":14},"end":{"line":109,"column":53}},"type":"binary-expr","locations":[{"start":{"line":111,"column":14},"end":{"line":111,"column":null}},{"start":{"line":111,"column":14},"end":{"line":109,"column":53}}],"line":111},"21":{"loc":{"start":{"line":115,"column":14},"end":{"line":113,"column":50}},"type":"binary-expr","locations":[{"start":{"line":115,"column":14},"end":{"line":115,"column":null}},{"start":{"line":115,"column":14},"end":{"line":113,"column":50}}],"line":115},"22":{"loc":{"start":{"line":119,"column":14},"end":{"line":117,"column":50}},"type":"binary-expr","locations":[{"start":{"line":119,"column":14},"end":{"line":119,"column":null}},{"start":{"line":119,"column":14},"end":{"line":117,"column":50}}],"line":119},"23":{"loc":{"start":{"line":123,"column":17},"end":{"line":127,"column":71}},"type":"cond-expr","locations":[{"start":{"line":123,"column":55},"end":{"line":127,"column":71}}],"line":123},"24":{"loc":{"start":{"line":123,"column":17},"end":{"line":123,"column":61}},"type":"binary-expr","locations":[{"start":{"line":123,"column":17},"end":{"line":123,"column":32}},{"start":{"line":123,"column":32},"end":{"line":123,"column":61}}],"line":123},"25":{"loc":{"start":{"line":129,"column":12},"end":{"line":124,"column":47}},"type":"binary-expr","locations":[{"start":{"line":129,"column":12},"end":{"line":129,"column":null}},{"start":{"line":129,"column":12},"end":{"line":124,"column":47}}],"line":129},"26":{"loc":{"start":{"line":128,"column":14},"end":{"line":126,"column":48}},"type":"binary-expr","locations":[{"start":{"line":128,"column":14},"end":{"line":128,"column":null}},{"start":{"line":128,"column":14},"end":{"line":126,"column":48}}],"line":128},"27":{"loc":{"start":{"line":136,"column":14},"end":{"line":134,"column":59}},"type":"binary-expr","locations":[{"start":{"line":136,"column":14},"end":{"line":136,"column":null}},{"start":{"line":136,"column":14},"end":{"line":134,"column":59}}],"line":136},"28":{"loc":{"start":{"line":137,"column":19},"end":{"line":139,"column":101}},"type":"cond-expr","locations":[{"start":{"line":137,"column":64},"end":{"line":139,"column":101}},{"start":{"line":139,"column":88},"end":{"line":139,"column":101}}],"line":137},"29":{"loc":{"start":{"line":137,"column":19},"end":{"line":137,"column":70}},"type":"binary-expr","locations":[{"start":{"line":137,"column":19},"end":{"line":137,"column":49}},{"start":{"line":137,"column":49},"end":{"line":137,"column":70}}],"line":137},"30":{"loc":{"start":{"line":140,"column":14},"end":{"line":138,"column":64}},"type":"binary-expr","locations":[{"start":{"line":140,"column":14},"end":{"line":140,"column":null}},{"start":{"line":140,"column":14},"end":{"line":138,"column":64}}],"line":140}},"s":{"0":11,"1":11,"2":11,"3":11,"4":11,"5":9,"6":1,"7":8,"8":8,"9":8,"10":8,"11":1,"12":7,"13":1,"14":1,"15":8,"16":11,"17":7,"18":0,"19":7,"20":11,"21":7,"22":1,"23":6,"24":11,"25":7,"26":1,"27":6,"28":11,"29":2,"30":2,"31":2,"32":2,"33":2,"34":2,"35":2,"36":2,"37":2,"38":2,"39":2,"40":2,"41":2,"42":2,"43":2,"44":2,"45":2,"46":2,"47":2,"48":2,"49":2,"50":2,"51":2,"52":2,"53":2,"54":2,"55":2,"56":27},"f":{"0":9,"1":7,"2":7,"3":7},"b":{"0":[1,8],"1":[1,7],"2":[1,0],"3":[0,7],"4":[1,6],"5":[7,7],"6":[1,6],"7":[7,7],"8":[8,19],"9":[8,8],"10":[1,18],"11":[7,11],"12":[7,7],"13":[7,7],"14":[7,7],"15":[7,7],"16":[7,7],"17":[7,7],"18":[7,7],"19":[7,7],"20":[7,7],"21":[7,7],"22":[7,7],"23":[1,null],"24":[7,1],"25":[1,1],"26":[1,1],"27":[7,7],"28":[7,0],"29":[7,7],"30":[7,7]},"meta":{"lastBranch":0,"lastFunction":0,"lastStatement":0,"seen":{}}}
,"/home/runner/work/codecom/codecom/frontend/src/components/DetailControlPanel.vue": {"path":"/home/runner/work/codecom/codecom/frontend/src/components/DetailControlPanel.vue","statementMap":{"0":{"start":{"line":15,"column":6},"end":{"line":24,"column":null}},"1":{"start":{"line":26,"column":13},"end":{"line":26,"column":null}},"2":{"start":{"line":30,"column":16},"end":{"line":96,"column":null}},"3":{"start":{"line":98,"column":19},"end":{"line":100,"column":null}},"4":{"start":{"line":99,"column":2},"end":{"line":99,"column":null}},"5":{"start":{"line":102,"column":20},"end":{"line":105,"column":null}},"6":{"start":{"line":103,"column":2},"end":{"line":103,"column":null}},"7":{"start":{"line":104,"column":2},"end":{"line":104,"column":null}},"8":{"start":{"line":109,"column":7},"end":{"line":109,"column":null}},"9":{"start":{"line":116,"column":9},"end":{"line":116,"column":null}},"10":{"start":{"line":132,"column":9},"end":{"line":132,"column":null}},"11":{"start":{"line":135,"column":11},"end":{"line":135,"column":null}},"12":{"start":{"line":148,"column":11},"end":{"line":148,"column":null}},"13":{"start":{"line":161,"column":11},"end":{"line":161,"column":null}},"14":{"start":{"line":174,"column":11},"end":{"line":174,"column":null}},"15":{"start":{"line":187,"column":11},"end":{"line":187,"column":null}},"16":{"start":{"line":226,"column":11},"end":{"line":226,"column":null}},"17":{"start":{"line":109,"column":2},"end":{"line":236,"column":16}},"18":{"start":{"line":119,"column":8},"end":{"line":126,"column":null}},"19":{"start":{"line":124,"column":18},"end":{"line":124,"column":null}},"20":{"start":{"line":140,"column":19},"end":{"line":140,"column":null}},"21":{"start":{"line":153,"column":19},"end":{"line":153,"column":null}},"22":{"start":{"line":166,"column":19},"end":{"line":166,"column":null}},"23":{"start":{"line":179,"column":19},"end":{"line":179,"column":null}},"24":{"start":{"line":192,"column":19},"end":{"line":192,"column":null}},"25":{"start":{"line":205,"column":19},"end":{"line":205,"column":null}},"26":{"start":{"line":218,"column":19},"end":{"line":218,"column":null}},"27":{"start":{"line":231,"column":19},"end":{"line":231,"column":null}}},"fnMap":{"0":{"name":"(anonymous_0)","decl":{"start":{"line":98,"column":19},"end":{"line":98,"column":25}},"loc":{"start":{"line":98,"column":25},"end":{"line":100,"column":null}},"line":98},"1":{"name":"(anonymous_1)","decl":{"start":{"line":102,"column":20},"end":{"line":102,"column":21}},"loc":{"start":{"line":102,"column":57},"end":{"line":105,"column":null}},"line":102},"2":{"name":"(anonymous_2)","decl":{"start":{"line":120,"column":41},"end":{"line":120,"column":null}},"loc":{"start":{"line":120,"column":29},"end":{"line":126,"column":null}},"line":120},"3":{"name":"(anonymous_3)","decl":{"start":{"line":124,"column":16},"end":{"line":124,"column":18}},"loc":{"start":{"line":124,"column":18},"end":{"line":124,"column":null}},"line":124},"4":{"name":"(anonymous_4)","decl":{"start":{"line":139,"column":13},"end":{"line":139,"column":null}},"loc":{"start":{"line":140,"column":19},"end":{"line":140,"column":null}},"line":140},"5":{"name":"(anonymous_5)","decl":{"start":{"line":152,"column":13},"end":{"line":152,"column":null}},"loc":{"start":{"line":153,"column":19},"end":{"line":153,"column":null}},"line":153},"6":{"name":"(anonymous_6)","decl":{"start":{"line":165,"column":13},"end":{"line":165,"column":null}},"loc":{"start":{"line":166,"column":19},"end":{"line":166,"column":null}},"line":166},"7":{"name":"(anonymous_7)","decl":{"start":{"line":178,"column":13},"end":{"line":178,"column":null}},"loc":{"start":{"line":179,"column":19},"end":{"line":179,"column":null}},"line":179},"8":{"name":"(anonymous_8)","decl":{"start":{"line":191,"column":13},"end":{"line":191,"column":null}},"loc":{"start":{"line":192,"column":19},"end":{"line":192,"column":null}},"line":192},"9":{"name":"(anonymous_9)","decl":{"start":{"line":204,"column":13},"end":{"line":204,"column":null}},"loc":{"start":{"line":205,"column":19},"end":{"line":205,"column":null}},"line":205},"10":{"name":"(anonymous_10)","decl":{"start":{"line":217,"column":13},"end":{"line":217,"column":null}},"loc":{"start":{"line":218,"column":19},"end":{"line":218,"column":null}},"line":218},"11":{"name":"(anonymous_11)","decl":{"start":{"line":230,"column":13},"end":{"line":230,"column":null}},"loc":{"start":{"line":231,"column":19},"end":{"line":231,"column":null}},"line":231}},"branchMap":{"0":{"loc":{"start":{"line":239,"column":8},"end":{"line":113,"column":9}},"type":"binary-expr","locations":[{"start":{"line":239,"column":8},"end":{"line":239,"column":null}},{"start":{"line":239,"column":8},"end":{"line":113,"column":9}}],"line":239},"1":{"loc":{"start":{"line":129,"column":10},"end":{"line":117,"column":65}},"type":"binary-expr","locations":[{"start":{"line":129,"column":10},"end":{"line":129,"column":null}},{"start":{"line":129,"column":10},"end":{"line":117,"column":65}}],"line":129},"2":{"loc":{"start":{"line":238,"column":10},"end":{"line":133,"column":64}},"type":"binary-expr","locations":[{"start":{"line":238,"column":10},"end":{"line":238,"column":null}},{"start":{"line":238,"column":10},"end":{"line":133,"column":64}}],"line":238},"3":{"loc":{"start":{"line":139,"column":13},"end":{"line":140,"column":null}},"type":"binary-expr","locations":[{"start":{"line":139,"column":13},"end":{"line":139,"column":null}},{"start":{"line":139,"column":13},"end":{"line":140,"column":null}}],"line":139},"4":{"loc":{"start":{"line":143,"column":8},"end":{"line":145,"column":16}},"type":"binary-expr","locations":[{"start":{"line":143,"column":8},"end":{"line":143,"column":15}},{"start":{"line":143,"column":8},"end":{"line":145,"column":16}}],"line":143},"5":{"loc":{"start":{"line":152,"column":13},"end":{"line":153,"column":null}},"type":"binary-expr","locations":[{"start":{"line":152,"column":13},"end":{"line":152,"column":null}},{"start":{"line":152,"column":13},"end":{"line":153,"column":null}}],"line":152},"6":{"loc":{"start":{"line":156,"column":8},"end":{"line":158,"column":16}},"type":"binary-expr","locations":[{"start":{"line":156,"column":8},"end":{"line":156,"column":15}},{"start":{"line":156,"column":8},"end":{"line":158,"column":16}}],"line":156},"7":{"loc":{"start":{"line":165,"column":13},"end":{"line":166,"column":null}},"type":"binary-expr","locations":[{"start":{"line":165,"column":13},"end":{"line":165,"column":null}},{"start":{"line":165,"column":13},"end":{"line":166,"column":null}}],"line":165},"8":{"loc":{"start":{"line":169,"column":8},"end":{"line":171,"column":16}},"type":"binary-expr","locations":[{"start":{"line":169,"column":8},"end":{"line":169,"column":15}},{"start":{"line":169,"column":8},"end":{"line":171,"column":16}}],"line":169},"9":{"loc":{"start":{"line":178,"column":13},"end":{"line":179,"column":null}},"type":"binary-expr","locations":[{"start":{"line":178,"column":13},"end":{"line":178,"column":null}},{"start":{"line":178,"column":13},"end":{"line":179,"column":null}}],"line":178},"10":{"loc":{"start":{"line":182,"column":8},"end":{"line":184,"column":16}},"type":"binary-expr","locations":[{"start":{"line":182,"column":8},"end":{"line":182,"column":15}},{"start":{"line":182,"column":8},"end":{"line":184,"column":16}}],"line":182},"11":{"loc":{"start":{"line":191,"column":13},"end":{"line":192,"column":null}},"type":"binary-expr","locations":[{"start":{"line":191,"column":13},"end":{"line":191,"column":null}},{"start":{"line":191,"column":13},"end":{"line":192,"column":null}}],"line":191},"12":{"loc":{"start":{"line":195,"column":8},"end":{"line":197,"column":16}},"type":"binary-expr","locations":[{"start":{"line":195,"column":8},"end":{"line":195,"column":15}},{"start":{"line":195,"column":8},"end":{"line":197,"column":16}}],"line":195},"13":{"loc":{"start":{"line":200,"column":48},"end":{"line":210,"column":16}},"type":"cond-expr","locations":[{"start":{"line":200,"column":56},"end":{"line":210,"column":16}},{"start":{"line":210,"column":8},"end":{"line":210,"column":16}}],"line":200},"14":{"loc":{"start":{"line":204,"column":13},"end":{"line":205,"column":null}},"type":"binary-expr","locations":[{"start":{"line":204,"column":13},"end":{"line":204,"column":null}},{"start":{"line":204,"column":13},"end":{"line":205,"column":null}}],"line":204},"15":{"loc":{"start":{"line":208,"column":8},"end":{"line":210,"column":16}},"type":"binary-expr","locations":[{"start":{"line":208,"column":8},"end":{"line":208,"column":15}},{"start":{"line":208,"column":8},"end":{"line":210,"column":16}}],"line":208},"16":{"loc":{"start":{"line":213,"column":48},"end":{"line":223,"column":16}},"type":"cond-expr","locations":[{"start":{"line":213,"column":56},"end":{"line":223,"column":16}},{"start":{"line":223,"column":8},"end":{"line":223,"column":16}}],"line":213},"17":{"loc":{"start":{"line":217,"column":13},"end":{"line":218,"column":null}},"type":"binary-expr","locations":[{"start":{"line":217,"column":13},"end":{"line":217,"column":null}},{"start":{"line":217,"column":13},"end":{"line":218,"column":null}}],"line":217},"18":{"loc":{"start":{"line":221,"column":8},"end":{"line":223,"column":16}},"type":"binary-expr","locations":[{"start":{"line":221,"column":8},"end":{"line":221,"column":15}},{"start":{"line":221,"column":8},"end":{"line":223,"column":16}}],"line":221},"19":{"loc":{"start":{"line":230,"column":13},"end":{"line":231,"column":null}},"type":"binary-expr","locations":[{"start":{"line":230,"column":13},"end":{"line":230,"column":null}},{"start":{"line":230,"column":13},"end":{"line":231,"column":null}}],"line":230},"20":{"loc":{"start":{"line":234,"column":8},"end":{"line":236,"column":16}},"type":"binary-expr","locations":[{"start":{"line":234,"column":8},"end":{"line":234,"column":15}},{"start":{"line":234,"column":8},"end":{"line":236,"column":16}}],"line":234}},"s":{"0":19,"1":19,"2":19,"3":19,"4":13,"5":19,"6":5,"7":5,"8":2,"9":2,"10":2,"11":2,"12":2,"13":2,"14":2,"15":2,"16":2,"17":31,"18":155,"19":1,"20":0,"21":0,"22":0,"23":0,"24":0,"25":0,"26":0,"27":0},"f":{"0":13,"1":5,"2":155,"3":1,"4":0,"5":0,"6":0,"7":0,"8":0,"9":0,"10":0,"11":0},"b":{"0":[31,19],"1":[31,19],"2":[31,19],"3":[31,19],"4":[31,19],"5":[31,19],"6":[31,19],"7":[31,19],"8":[31,19],"9":[31,19],"10":[31,19],"11":[31,19],"12":[31,19],"13":[31,0],"14":[31,19],"15":[31,19],"16":[30,1],"17":[30,19],"18":[30,19],"19":[31,19],"20":[31,19]},"meta":{"lastBranch":0,"lastFunction":0,"lastStatement":0,"seen":{}}}
[...]
nd":{"line":224,"column":null}},"42":{"start":{"line":228,"column":2},"end":{"line":228,"column":null}},"43":{"start":{"line":229,"column":2},"end":{"line":229,"column":null}},"44":{"start":{"line":231,"column":2},"end":{"line":231,"column":null}},"45":{"start":{"line":238,"column":15},"end":{"line":238,"column":null}},"46":{"start":{"line":239,"column":14},"end":{"line":239,"column":null}},"47":{"start":{"line":240,"column":15},"end":{"line":240,"column":null}},"48":{"start":{"line":241,"column":2},"end":{"line":241,"column":null}},"49":{"start":{"line":242,"column":2},"end":{"line":242,"column":null}},"50":{"start":{"line":243,"column":2},"end":{"line":243,"column":null}},"51":{"start":{"line":244,"column":2},"end":{"line":244,"column":null}},"52":{"start":{"line":245,"column":2},"end":{"line":245,"column":null}},"53":{"start":{"line":246,"column":2},"end":{"line":246,"column":null}},"54":{"start":{"line":262,"column":2},"end":{"line":270,"column":null}},"55":{"start":{"line":263,"column":4},"end":{"line":263,"column":null}},"56":{"start":{"line":264,"column":4},"end":{"line":264,"column":null}},"57":{"start":{"line":265,"column":4},"end":{"line":265,"column":null}},"58":{"start":{"line":267,"column":4},"end":{"line":267,"column":null}},"59":{"start":{"line":268,"column":4},"end":{"line":268,"column":null}},"60":{"start":{"line":269,"column":4},"end":{"line":269,"column":null}},"61":{"start":{"line":272,"column":2},"end":{"line":272,"column":null}}},"fnMap":{"0":{"name":"getDetailOptionsForLevel","decl":{"start":{"line":25,"column":9},"end":{"line":25,"column":34}},"loc":{"start":{"line":25,"column":76},"end":{"line":72,"column":null}},"line":25},"1":{"name":"exportToMarkdown","decl":{"start":{"line":77,"column":16},"end":{"line":77,"column":null}},"loc":{"start":{"line":82,"column":10},"end":{"line":122,"column":null}},"line":82},"2":{"name":"(anonymous_2)","decl":{"start":{"line":89,"column":9},"end":{"line":89,"column":10}},"loc":{"start":{"line":89,"column":27},"end":{"line":89,"column":55}},"line":89},"3":{"name":"(anonymous_3)","decl":{"start":{"line":90,"column":12},"end":{"line":90,"column":13}},"loc":{"start":{"line":90,"column":28},"end":{"line":90,"column":52}},"line":90},"4":{"name":"(anonymous_4)","decl":{"start":{"line":110,"column":25},"end":{"line":110,"column":26}},"loc":{"start":{"line":110,"column":47},"end":{"line":112,"column":5}},"line":110},"5":{"name":"(anonymous_5)","decl":{"start":{"line":114,"column":25},"end":{"line":114,"column":26}},"loc":{"start":{"line":114,"column":39},"end":{"line":116,"column":5}},"line":114},"6":{"name":"exportToPDF","decl":{"start":{"line":127,"column":16},"end":{"line":127,"column":null}},"loc":{"start":{"line":132,"column":10},"end":{"line":232,"column":null}},"line":132},"7":{"name":"(anonymous_7)","decl":{"start":{"line":139,"column":9},"end":{"line":139,"column":10}},"loc":{"start":{"line":139,"column":27},"end":{"line":139,"column":55}},"line":139},"8":{"name":"(anonymous_8)","decl":{"start":{"line":140,"column":12},"end":{"line":140,"column":13}},"loc":{"start":{"line":140,"column":28},"end":{"line":140,"column":52}},"line":140},"9":{"name":"(anonymous_9)","decl":{"start":{"line":213,"column":23},"end":{"line":213,"column":24}},"loc":{"start":{"line":213,"column":45},"end":{"line":226,"column":3}},"line":213},"10":{"name":"downloadExport","decl":{"start":{"line":237,"column":16},"end":{"line":237,"column":31}},"loc":{"start":{"line":237,"column":84},"end":{"line":247,"column":null}},"line":237},"11":{"name":"exportFile","decl":{"start":{"line":252,"column":16},"end":{"line":252,"column":null}},"loc":{"start":{"line":257,"column":2},"end":{"line":273,"column":null}},"line":257}},"branchMap":{"0":{"loc":{"start":{"line":26,"column":2},"end":{"line":71,"column":null}},"type":"switch","locations":[{"start":{"line":27,"column":4},"end":{"line":37,"column":null}},{"start":{"line":38,"column":4},"end":{"line":48,"column":null}},{"start":{"line":49,"column":4},"end":{"line":59,"column":null}},{"start":{"line":60,"column":4},"end":{"line":70,"column":null}}],"line":26},"1":{"loc":{"start":{"line":95,"column":2},"end":{"line":97,"column":null}},"type":"if","locations":[{"start":{"line":95,"column":2},"end":{"line":97,"column":null}},{"start":{},"end":{}}],"line":95},"2":{"loc":{"start":{"line":109,"column":2},"end":{"line":117,"column":null}},"type":"if","locations":[{"start":{"line":109,"column":2},"end":{"line":117,"column":null}},{"start":{"line":113,"column":9},"end":{"line":117,"column":null}}],"line":109},"3":{"loc":{"start":{"line":147,"column":11},"end":{"line":147,"column":36}},"type":"binary-expr","locations":[{"start":{"line":147,"column":11},"end":{"line":147,"column":28}},{"start":{"line":147,"column":28},"end":{"line":147,"column":36}}],"line":147},"4":{"loc":{"start":{"line":200,"column":2},"end":{"line":202,"column":null}},"type":"if","locations":[{"start":{"line":200,"column":2},"end":{"line":202,"column":null}},{"start":{},"end":{}}],"line":200},"5":{"loc":{"start":{"line":221,"column":4},"end":{"line":225,"column":null}},"type":"if","locations":[{"start":{"line":221,"column":4},"end":{"line":225,"column":null}},{"start":{"line":223,"column":11},"end":{"line":225,"column":null}}],"line":221},"6":{"loc":{"start":{"line":262,"column":2},"end":{"line":270,"column":null}},"type":"if","locations":[{"start":{"line":262,"column":2},"end":{"line":270,"column":null}},{"start":{"line":266,"column":9},"end":{"line":270,"column":null}}],"line":262}},"s":{"0":0,"1":0,"2":0,"3":0,"4":0,"5":0,"6":0,"7":0,"8":0,"9":0,"10":0,"11":0,"12":0,"13":0,"14":0,"15":0,"16":0,"17":0,"18":0,"19":0,"20":0,"21":0,"22":0,"23":0,"24":0,"25":0,"26":0,"27":0,"28":0,"29":0,"30":0,"31":0,"32":0,"33":0,"34":0,"35":0,"36":0,"37":0,"38":0,"39":0,"40":0,"41":0,"42":0,"43":0,"44":0,"45":0,"46":0,"47":0,"48":0,"49":0,"50":0,"51":0,"52":0,"53":0,"54":0,"55":0,"56":0,"57":0,"58":0,"59":0,"60":0,"61":0},"f":{"0":0,"1":0,"2":0,"3":0,"4":0,"5":0,"6":0,"7":0,"8":0,"9":0,"10":0,"11":0},"b":{"0":[0,0,0,0],"1":[0,0],"2":[0,0],"3":[0,0],"4":[0,0],"5":[0,0],"6":[0,0]},"meta":{"lastBranch":7,"lastFunction":12,"lastStatement":62,"seen":{"f:25:9:25:34":0,"b:27:4:37:Infinity:38:4:48:Infinity:49:4:59:Infinity:60:4:70:Infinity":0,"s:26:2:71:Infinity":0,"s:28:6:37:Infinity":1,"s:39:6:48:Infinity":2,"s:50:6:59:Infinity":3,"s:61:6:70:Infinity":4,"f:77:16:77:Infinity":1,"s:83:24:83:Infinity":5,"s:84:22:84:Infinity":6,"s:87:16:87:Infinity":7,"s:88:23:90:Infinity":8,"f:89:9:89:10":2,"s:89:27:89:55":9,"f:90:12:90:13":3,"s:90:28:90:52":10,"s:92:17:92:Infinity":11,"b:95:2:97:Infinity:undefined:undefined:undefined:undefined":1,"s:95:2:97:Infinity":12,"s:96:4:96:Infinity":13,"s:100:2:100:Infinity":14,"s:103:2:103:Infinity":15,"s:104:2:104:Infinity":16,"s:107:2:107:Infinity":17,"b:109:2:117:Infinity:113:9:117:Infinity":2,"s:109:2:117:Infinity":18,"s:110:4:112:Infinity":19,"f:110:25:110:26":4,"s:111:6:111:Infinity":20,"s:114:4:116:Infinity":21,"f:114:25:114:26":5,"s:115:6:115:Infinity":22,"s:119:2:119:Infinity":23,"s:121:2:121:Infinity":24,"f:127:16:127:Infinity":6,"s:133:24:133:Infinity":25,"s:134:22:134:Infinity":26,"s:137:16:137:Infinity":27,"s:138:23:140:Infinity":28,"f:139:9:139:10":7,"s:139:27:139:55":29,"f:140:12:140:13":8,"s:140:28:140:52":30,"s:142:13:147:Infinity":31,"b:147:11:147:28:147:28:147:36":3,"b:200:2:202:Infinity:undefined:undefined:undefined:undefined":4,"s:200:2:202:Infinity":32,"s:201:4:201:Infinity":33,"s:204:2:204:Infinity":34,"s:205:2:208:Infinity":35,"s:211:2:211:Infinity":36,"s:213:2:226:Infinity":37,"f:213:23:213:24":9,"s:214:24:219:Infinity":38,"b:221:4:225:Infinity:223:11:225:Infinity":5,"s:221:4:225:Infinity":39,"s:222:6:222:Infinity":40,"s:224:6:224:Infinity":41,"s:228:2:228:Infinity":42,"s:229:2:229:Infinity":43,"s:231:2:231:Infinity":44,"f:237:16:237:31":10,"s:238:15:238:Infinity":45,"s:239:14:239:Infinity":46,"s:240:15:240:Infinity":47,"s:241:2:241:Infinity":48,"s:242:2:242:Infinity":49,"s:243:2:243:Infinity":50,"s:244:2:244:Infinity":51,"s:245:2:245:Infinity":52,"s:246:2:246:Infinity":53,"f:252:16:252:Infinity":11,"b:262:2:270:Infinity:266:9:270:Infinity":6,"s:262:2:270:Infinity":54,"s:263:4:263:Infinity":55,"s:264:4:264:Infinity":56,"s:265:4:265:Infinity":57,"s:267:4:267:Infinity":58,"s:268:4:268:Infinity":59,"s:269:4:269:Infinity":60,"s:272:2:272:Infinity":61}}}
,"/home/runner/work/codecom/codecom/frontend/src/services/NavigationService.ts": {"path":"/home/runner/work/codecom/codecom/frontend/src/services/NavigationService.ts","statementMap":{"0":{"start":{"line":18,"column":2},"end":{"line":44,"column":null}},"1":{"start":{"line":19,"column":22},"end":{"line":19,"column":null}},"2":{"start":{"line":20,"column":21},"end":{"line":22,"column":null}},"3":{"start":{"line":25,"column":30},"end":{"line":25,"column":null}},"4":{"start":{"line":26,"column":25},"end":{"line":37,"column":null}},"5":{"start":{"line":27,"column":6},"end":{"line":33,"column":null}},"6":{"start":{"line":28,"column":8},"end":{"line":32,"column":null}},"7":{"start":{"line":34,"column":6},"end":{"line":36,"column":null}},"8":{"start":{"line":35,"column":8},"end":{"line":35,"column":null}},"9":{"start":{"line":38,"column":4},"end":{"line":38,"column":null}},"10":{"start":{"line":40,"column":4},"end":{"line":40,"column":null}},"11":{"start":{"line":40,"column":32},"end":{"line":40,"column":60}},"12":{"start":{"line":42,"column":4},"end":{"line":42,"column":null}},"13":{"start":{"line":43,"column":4},"end":{"line":43,"column":null}},"14":{"start":{"line":51,"column":16},"end":{"line":51,"column":null}},"15":{"start":{"line":52,"column":23},"end":{"line":52,"column":null}},"16":{"start":{"line":52,"column":44},"end":{"line":52,"column":70}},"17":{"start":{"line":54,"column":2},"end":{"line":56,"column":null}},"18":{"start":{"line":55,"column":4},"end":{"line":55,"column":null}},"19":{"start":{"line":58,"column":2},"end":{"line":58,"column":null}},"20":{"start":{"line":65,"column":16},"end":{"line":65,"column":null}},"21":{"start":{"line":66,"column":23},"end":{"line":66,"column":null}},"22":{"start":{"line":66,"column":44},"end":{"line":66,"column":70}},"23":{"start":{"line":68,"column":2},"end":{"line":70,"column":null}},"24":{"start":{"line":69,"column":4},"end":{"line":69,"column":null}},"25":{"start":{"line":72,"column":2},"end":{"line":72,"column":null}},"26":{"start":{"line":84,"column":2},"end":{"line":101,"column":null}},"27":{"start":{"line":85,"column":21},"end":{"line":87,"column":null}},"28":{"start":{"line":89,"column":4},"end":{"line":95,"column":null}},"29":{"start":{"line":90,"column":6},"end":{"line":94,"column":null}},"30":{"start":{"line":97,"column":4},"end":{"line":97,"column":null}},"31":{"start":{"line":99,"column":4},"end":{"line":99,"column":null}},"32":{"start":{"line":100,"column":4},"end":{"line":100,"column":null}},"33":{"start":{"line":117,"column":2},"end":{"line":126,"column":null}},"34":{"start":{"line":118,"column":21},"end":{"line":120,"column":null}},"35":{"start":{"line":122,"column":4},"end":{"line":122,"column":null}},"36":{"start":{"line":124,"column":4},"end":{"line":124,"column":null}},"37":{"start":{"line":125,"column":4},"end":{"line":125,"column":null}},"38":{"start":{"line":141,"column":2},"end":{"line":150,"column":null}},"39":{"start":{"line":142,"column":21},"end":{"line":144,"column":null}},"40":{"start":{"line":146,"column":4},"end":{"line":146,"column":null}},"41":{"start":{"line":148,"column":4},"end":{"line":148,"column":null}},"42":{"start":{"line":149,"column":4},"end":{"line":149,"column":null}}},"fnMap":{"0":{"name":"getPackageFiles","decl":{"start":{"line":17,"column":22},"end":{"line":17,"column":38}},"loc":{"start":{"line":17,"column":84},"end":{"line":45,"column":null}},"line":17},"1":{"name":"(anonymous_1)","decl":{"start":{"line":26,"column":25},"end":{"line":26,"column":26}},"loc":{"start":{"line":26,"column":40},"end":{"line":37,"column":null}},"line":26},"2":{"name":"(anonymous_2)","decl":{"start":{"line":40,"column":22},"end":{"line":40,"column":23}},"loc":{"start":{"line":40,"column":32},"end":{"line":40,"column":60}},"line":40},"3":{"name":"navigateToNextFile","decl":{"start":{"line":50,"column":22},"end":{"line":50,"column":41}},"loc":{"start":{"line":50,"column":92},"end":{"line":59,"column":null}},"line":50},"4":{"name":"(anonymous_4)","decl":{"start":{"line":52,"column":39},"end":{"line":52,"column":44}},"loc":{"start":{"line":52,"column":44},"end":{"line":52,"column":70}},"line":52},"5":{"name":"navigateToPreviousFile","decl":{"start":{"line":64,"column":22},"end":{"line":64,"column":45}},"loc":{"start":{"line":64,"column":96},"end":{"line":73,"column":null}},"line":64},"6":{"name":"(anonymous_6)","decl":{"start":{"line":66,"column":39},"end":{"line":66,"column":44}},"loc":{"start":{"line":66,"column":44},"end":{"line":66,"column":70}},"line":66},"7":{"name":"findSymbolDefinition","decl":{"start":{"line":79,"column":22},"end":{"line":79,"column":43}},"loc":{"start":{"line":83,"column":10},"end":{"line":102,"column":null}},"line":83},"8":{"name":"getCallers","decl":{"start":{"line":116,"column":22},"end":{"line":116,"column":33}},"loc":{"start":{"line":116,"column":113},"end":{"line":127,"column":null}},"line":116},"9":{"name":"getTestReferences","decl":{"start":{"line":140,"column":22},"end":{"line":140,"column":40}},"loc":{"start":{"line":140,"column":106},"end":{"line":151,"column":null}},"line":140}},"branchMap":{"0":{"loc":{"start":{"line":27,"column":6},"end":{"line":33,"column":null}},"type":"if","locations":[{"start":{"line":27,"column":6},"end":{"line":33,"column":null}},{"start":{},"end":{}}],"line":27},"1":{"loc":{"start":{"line":34,"column":6},"end":{"line":36,"column":null}},"type":"if","locations":[{"start":{"line":34,"column":6},"end":{"line":36,"column":null}},{"start":{},"end":{}}],"line":34},"2":{"loc":{"start":{"line":54,"column":2},"end":{"line":56,"column":null}},"type":"if","locations":[{"start":{"line":54,"column":2},"end":{"line":56,"column":null}},{"start":{},"end":{}}],"line":54},"3":{"loc":{"start":{"line":54,"column":6},"end":{"line":54,"column":64}},"type":"binary-expr","locations":[{"start":{"line":54,"column":6},"end":{"line":54,"column":29}},{"start":{"line":54,"column":29},"end":{"line":54,"column":64}}],"line":54},"4":{"loc":{"start":{"line":68,"column":2},"end":{"line":70,"column":null}},"type":"if","locations":[{"start":{"line":68,"column":2},"end":{"line":70,"column":null}},{"start":{},"end":{}}],"line":68},"5":{"loc":{"start":{"line":79,"column":63},"end":{"line":79,"column":null}},"type":"default-arg","locations":[{"start":{"line":79,"column":82},"end":{"line":79,"column":null}}],"line":79},"6":{"loc":{"start":{"line":89,"column":4},"end":{"line":95,"column":null}},"type":"if","locations":[{"start":{"line":89,"column":4},"end":{"line":95,"column":null}},{"start":{},"end":{}}],"line":89},"7":{"loc":{"start":{"line":89,"column":8},"end":{"line":89,"column":49}},"type":"binary-expr","locations":[{"start":{"line":89,"column":8},"end":{"line":89,"column":25}},{"start":{"line":89,"column":25},"end":{"line":89,"column":49}}],"line":89},"8":{"loc":{"start":{"line":92,"column":14},"end":{"line":92,"column":null}},"type":"binary-expr","locations":[{"start":{"line":92,"column":14},"end":{"line":92,"column":36}},{"start":{"line":92,"column":36},"end":{"line":92,"column":null}}],"line":92},"9":{"loc":{"start":{"line":93,"column":16},"end":{"line":93,"column":null}},"type":"binary-expr","locations":[{"start":{"line":93,"column":16},"end":{"line":93,"column":40}},{"start":{"line":93,"column":40},"end":{"line":93,"column":null}}],"line":93},"10":{"loc":{"start":{"line":122,"column":11},"end":{"line":122,"column":null}},"type":"binary-expr","locations":[{"start":{"line":122,"column":11},"end":{"line":122,"column":28}},{"start":{"line":122,"column":28},"end":{"line":122,"column":null}}],"line":122},"11":{"loc":{"start":{"line":146,"column":11},"end":{"line":146,"column":null}},"type":"binary-expr","locations":[{"start":{"line":146,"column":11},"end":{"line":146,"column":28}},{"start":{"line":146,"column":28},"end":{"line":146,"column":null}}],"line":146}},"s":{"0":0,"1":0,"2":0,"3":0,"4":0,"5":0,"6":0,"7":0,"8":0,"9":0,"10":0,"11":0,"12":0,"13":0,"14":0,"15":0,"16":0,"17":0,"18":0,"19":0,"20":0,"21":0,"22":0,"23":0,"24":0,"25":0,"26":0,"27":0,"28":0,"29":0,"30":0,"31":0,"32":0,"33":0,"34":0,"35":0,"36":0,"37":0,"38":0,"39":0,"40":0,"41":0,"42":0},"f":{"0":0,"1":0,"2":0,"3":0,"4":0,"5":0,"6":0,"7":0,"8":0,"9":0},"b":{"0":[0,0],"1":[0,0],"2":[0,0],"3":[0,0],"4":[0,0],"5":[0],"6":[0,0],"7":[0,0],"8":[0,0],"9":[0,0],"10":[0,0],"11":[0,0]},"meta":{"lastBranch":12,"lastFunction":10,"lastStatement":43,"seen":{"f:17:22:17:38":0,"s:18:2:44:Infinity":0,"s:19:22:19:Infinity":1,"s:20:21:22:Infinity":2,"s:25:30:25:Infinity":3,"s:26:25:37:Infinity":4,"f:26:25:26:26":1,"b:27:6:33:Infinity:undefined:undefined:undefined:undefined":0,"s:27:6:33:Infinity":5,"s:28:8:32:Infinity":6,"b:34:6:36:Infinity:undefined:undefined:undefined:undefined":1,"s:34:6:36:Infinity":7,"s:35:8:35:Infinity":8,"s:38:4:38:Infinity":9,"s:40:4:40:Infinity":10,"f:40:22:40:23":2,"s:40:32:40:60":11,"s:42:4:42:Infinity":12,"s:43:4:43:Infinity":13,"f:50:22:50:41":3,"s:51:16:51:Infinity":14,"s:52:23:52:Infinity":15,"f:52:39:52:44":4,"s:52:44:52:70":16,"b:54:2:56:Infinity:undefined:undefined:undefined:undefined":2,"s:54:2:56:Infinity":17,"b:54:6:54:29:54:29:54:64":3,"s:55:4:55:Infinity":18,"s:58:2:58:Infinity":19,"f:64:22:64:45":5,"s:65:16:65:Infinity":20,"s:66:23:66:Infinity":21,"f:66:39:66:44":6,"s:66:44:66:70":22,"b:68:2:70:Infinity:undefined:undefined:undefined:undefined":4,"s:68:2:70:Infinity":23,"s:69:4:69:Infinity":24,"s:72:2:72:Infinity":25,"f:79:22:79:43":7,"b:79:82:79:Infinity":5,"s:84:2:101:Infinity":26,"s:85:21:87:Infinity":27,"b:89:4:95:Infinity:undefined:undefined:undefined:undefined":6,"s:89:4:95:Infinity":28,"b:89:8:89:25:89:25:89:49":7,"s:90:6:94:Infinity":29,"b:92:14:92:36:92:36:92:Infinity":8,"b:93:16:93:40:93:40:93:Infinity":9,"s:97:4:97:Infinity":30,"s:99:4:99:Infinity":31,"s:100:4:100:Infinity":32,"f:116:22:116:33":8,"s:117:2:126:Infinity":33,"s:118:21:120:Infinity":34,"s:122:4:122:Infinity":35,"b:122:11:122:28:122:28:122:Infinity":10,"s:124:4:124:Infinity":36,"s:125:4:125:Infinity":37,"f:140:22:140:40":9,"s:141:2:150:Infinity":38,"s:142:21:144:Infinity":39,"s:146:4:146:Infinity":40,"b:146:11:146:28:146:28:146:Infinity":11,"s:148:4:148:Infinity":41,"s:149:4:149:Infinity":42}}}
,"/home/runner/work/codecom/codecom/frontend/src/services/StatisticsService.ts": {"path":"/home/runner/work/codecom/codecom/frontend/src/services/StatisticsService.ts","statementMap":{"0":{"start":{"line":3,"column":17},"end":{"line":3,"column":null}},"1":{"start":{"line":18,"column":19},"end":{"line":20,"column":null}},"2":{"start":{"line":21,"column":2},"end":{"line":21,"column":null}},"3":{"start":{"line":25,"column":19},"end":{"line":27,"column":null}},"4":{"start":{"line":28,"column":2},"end":{"line":28,"column":null}}},"fnMap":{"0":{"name":"getFileStatistics","decl":{"start":{"line":17,"column":22},"end":{"line":17,"column":40}},"loc":{"start":{"line":17,"column":79},"end":{"line":22,"column":null}},"line":17},"1":{"name":"getDirectoryStatistics","decl":{"start":{"line":24,"column":22},"end":{"line":24,"column":45}},"loc":{"start":{"line":24,"column":84},"end":{"line":29,"column":null}},"line":24}},"branchMap":{"0":{"loc":{"start":{"line":3,"column":17},"end":{"line":3,"column":null}},"type":"binary-expr","locations":[{"start":{"line":3,"column":17},"end":{"line":3,"column":54}},{"start":{"line":3,"column":54},"end":{"line":3,"column":null}}],"line":3}},"s":{"0":2,"1":3,"2":2,"3":3,"4":2},"f":{"0":3,"1":3},"b":{"0":[2,2]},"meta":{"lastBranch":1,"lastFunction":2,"lastStatement":5,"seen":{"s:3:17:3:Infinity":0,"b:3:17:3:54:3:54:3:Infinity":0,"f:17:22:17:40":0,"s:18:19:20:Infinity":1,"s:21:2:21:Infinity":2,"f:24:22:24:45":1,"s:25:19:27:Infinity":3,"s:28:2:28:Infinity":4}}}
}
